#
# There is insufficient memory for the Java Runtime Environment to continue.
# Native memory allocation (malloc) failed to allocate 1145776 bytes for Chunk::new
# Possible reasons:
#   The system is out of physical RAM or swap space
#   The process is running with CompressedOops enabled, and the Java Heap may be blocking the growth of the native heap
# Possible solutions:
#   Reduce memory load on the system
#   Increase physical memory or swap space
#   Check if swap backing store is full
#   Decrease Java heap size (-Xmx/-Xms)
#   Decrease number of Java threads
#   Decrease Java thread stack sizes (-Xss)
#   Set larger code cache with -XX:ReservedCodeCacheSize=
#   JVM is running with Unscaled Compressed Oops mode in which the Java heap is
#     placed in the first 4GB address space. The Java Heap base address is the
#     maximum limit for the native heap growth. Please use -XX:HeapBaseMinAddress
#     to set the Java Heap base and to place the Java Heap above 4GB virtual address.
# This output file may be truncated or incomplete.
#
#  Out of Memory Error (allocation.cpp:389), pid=13456, tid=0x0000000000003028
#
# JRE version: Java(TM) SE Runtime Environment (8.0_261-b12) (build 1.8.0_261-b12)
# Java VM: Java HotSpot(TM) 64-Bit Server VM (25.261-b12 mixed mode windows-amd64 compressed oops)
# Failed to write core dump. Minidumps are not enabled by default on client versions of Windows
#

---------------  T H R E A D  ---------------

Current thread (0x000001e9ae953000):  JavaThread "C2 CompilerThread2" daemon [_thread_in_native, id=12328, stack(0x0000000fc1400000,0x0000000fc1500000)]

Stack: [0x0000000fc1400000,0x0000000fc1500000]
Native frames: (J=compiled Java code, j=interpreted, Vv=VM code, C=native code)
V  [jvm.dll+0x33e5f9]
V  [jvm.dll+0x2850e2]
V  [jvm.dll+0x285d8d]
V  [jvm.dll+0x27c895]
V  [jvm.dll+0xe4d6c]
V  [jvm.dll+0xe556c]
V  [jvm.dll+0x461812]
V  [jvm.dll+0x49cc3d]
V  [jvm.dll+0x4518c1]
V  [jvm.dll+0x44eb84]
V  [jvm.dll+0x439bc7]
V  [jvm.dll+0xbbbcb]
V  [jvm.dll+0xba22b]
V  [jvm.dll+0x24d962]
V  [jvm.dll+0x2a1cfc]
C  [ucrtbase.dll+0x21bb2]
C  [KERNEL32.DLL+0x17034]
C  [ntdll.dll+0x52651]


Current CompileTask:
C2:   8233 5715   !   4       java.net.URLClassLoader$1::run (63 bytes)


---------------  P R O C E S S  ---------------

Java Threads: ( => current thread )
  0x000001e9b4100800 JavaThread "jar transforms Thread 114" [_thread_blocked, id=3408, stack(0x0000000fcab00000,0x0000000fcac00000)]
  0x000001e9b40f7800 JavaThread "jar transforms Thread 113" [_thread_blocked, id=2248, stack(0x0000000fcaa00000,0x0000000fcab00000)]
  0x000001e9b40fe800 JavaThread "jar transforms Thread 112" [_thread_blocked, id=7852, stack(0x0000000fca900000,0x0000000fcaa00000)]
  0x000001e9b40f7000 JavaThread "jar transforms Thread 111" [_thread_blocked, id=11216, stack(0x0000000fca800000,0x0000000fca900000)]
  0x000001e9b40fd800 JavaThread "jar transforms Thread 110" [_thread_blocked, id=9508, stack(0x0000000fca700000,0x0000000fca800000)]
  0x000001e9b40fd000 JavaThread "jar transforms Thread 109" [_thread_blocked, id=8520, stack(0x0000000fca600000,0x0000000fca700000)]
  0x000001e9b40fc000 JavaThread "jar transforms Thread 108" [_thread_blocked, id=13624, stack(0x0000000fca500000,0x0000000fca600000)]
  0x000001e9b40f5800 JavaThread "jar transforms Thread 107" [_thread_blocked, id=2368, stack(0x0000000fca400000,0x0000000fca500000)]
  0x000001e9b40f4800 JavaThread "jar transforms Thread 106" [_thread_blocked, id=13276, stack(0x0000000fca300000,0x0000000fca400000)]
  0x000001e9b40fb800 JavaThread "jar transforms Thread 105" [_thread_blocked, id=10264, stack(0x0000000fca200000,0x0000000fca300000)]
  0x000001e9b40f8800 JavaThread "jar transforms Thread 104" [_thread_blocked, id=2616, stack(0x0000000fca100000,0x0000000fca200000)]
  0x000001e9b40fa000 JavaThread "jar transforms Thread 103" [_thread_blocked, id=13936, stack(0x0000000fca000000,0x0000000fca100000)]
  0x000001e9b40f9000 JavaThread "jar transforms Thread 102" [_thread_blocked, id=9892, stack(0x0000000fc9f00000,0x0000000fca000000)]
  0x000001e9b40f4000 JavaThread "jar transforms Thread 101" [_thread_blocked, id=13692, stack(0x0000000fc9e00000,0x0000000fc9f00000)]
  0x000001e9b40f6000 JavaThread "jar transforms Thread 100" [_thread_blocked, id=15500, stack(0x0000000fc9d00000,0x0000000fc9e00000)]
  0x000001e9b40fa800 JavaThread "jar transforms Thread 99" [_thread_blocked, id=9656, stack(0x0000000fc9c00000,0x0000000fc9d00000)]
  0x000001e9b4435800 JavaThread "jar transforms Thread 98" [_thread_blocked, id=11456, stack(0x0000000fc9b00000,0x0000000fc9c00000)]
  0x000001e9b4434800 JavaThread "jar transforms Thread 97" [_thread_blocked, id=12468, stack(0x0000000fc9a00000,0x0000000fc9b00000)]
  0x000001e9b4434000 JavaThread "jar transforms Thread 96" [_thread_blocked, id=3924, stack(0x0000000fc9900000,0x0000000fc9a00000)]
  0x000001e9b4433000 JavaThread "jar transforms Thread 95" [_thread_blocked, id=1148, stack(0x0000000fc9800000,0x0000000fc9900000)]
  0x000001e9b4431800 JavaThread "jar transforms Thread 94" [_thread_blocked, id=14516, stack(0x0000000fc9700000,0x0000000fc9800000)]
  0x000001e9b4431000 JavaThread "jar transforms Thread 93" [_thread_blocked, id=2252, stack(0x0000000fc9600000,0x0000000fc9700000)]
  0x000001e9b4432800 JavaThread "jar transforms Thread 92" [_thread_blocked, id=3328, stack(0x0000000fc9500000,0x0000000fc9600000)]
  0x000001e9b4429800 JavaThread "jar transforms Thread 91" [_thread_blocked, id=1288, stack(0x0000000fc9400000,0x0000000fc9500000)]
  0x000001e9b442f800 JavaThread "jar transforms Thread 90" [_thread_blocked, id=10280, stack(0x0000000fc9300000,0x0000000fc9400000)]
  0x000001e9b4430000 JavaThread "jar transforms Thread 89" [_thread_blocked, id=8732, stack(0x0000000fc9200000,0x0000000fc9300000)]
  0x000001e9b442e800 JavaThread "jar transforms Thread 88" [_thread_blocked, id=7412, stack(0x0000000fc9100000,0x0000000fc9200000)]
  0x000001e9b442b800 JavaThread "jar transforms Thread 87" [_thread_blocked, id=13188, stack(0x0000000fc9000000,0x0000000fc9100000)]
  0x000001e9b4428000 JavaThread "jar transforms Thread 86" [_thread_blocked, id=11688, stack(0x0000000fc8f00000,0x0000000fc9000000)]
  0x000001e9b4428800 JavaThread "jar transforms Thread 85" [_thread_blocked, id=14136, stack(0x0000000fc8e00000,0x0000000fc8f00000)]
  0x000001e9b442e000 JavaThread "jar transforms Thread 84" [_thread_blocked, id=4376, stack(0x0000000fc8d00000,0x0000000fc8e00000)]
  0x000001e9b442d000 JavaThread "jar transforms Thread 83" [_thread_blocked, id=3680, stack(0x0000000fc8c00000,0x0000000fc8d00000)]
  0x000001e9b4427000 JavaThread "jar transforms Thread 82" [_thread_blocked, id=14004, stack(0x0000000fc8b00000,0x0000000fc8c00000)]
  0x000001e9b442c800 JavaThread "jar transforms Thread 81" [_thread_blocked, id=13300, stack(0x0000000fc8a00000,0x0000000fc8b00000)]
  0x000001e9b442b000 JavaThread "jar transforms Thread 80" [_thread_blocked, id=2136, stack(0x0000000fc8900000,0x0000000fc8a00000)]
  0x000001e9b442a000 JavaThread "jar transforms Thread 79" [_thread_blocked, id=9868, stack(0x0000000fc8800000,0x0000000fc8900000)]
  0x000001e9b4426800 JavaThread "jar transforms Thread 78" [_thread_blocked, id=1104, stack(0x0000000fc8700000,0x0000000fc8800000)]
  0x000001e9b7231000 JavaThread "jar transforms Thread 77" [_thread_blocked, id=4316, stack(0x0000000fc8600000,0x0000000fc8700000)]
  0x000001e9b7230800 JavaThread "jar transforms Thread 76" [_thread_blocked, id=4124, stack(0x0000000fc8500000,0x0000000fc8600000)]
  0x000001e9b7237000 JavaThread "jar transforms Thread 75" [_thread_blocked, id=8996, stack(0x0000000fc8400000,0x0000000fc8500000)]
  0x000001e9b7232000 JavaThread "jar transforms Thread 74" [_thread_blocked, id=5856, stack(0x0000000fc8300000,0x0000000fc8400000)]
  0x000001e9b7236800 JavaThread "jar transforms Thread 73" [_thread_blocked, id=15376, stack(0x0000000fc8200000,0x0000000fc8300000)]
  0x000001e9b7235800 JavaThread "jar transforms Thread 72" [_thread_blocked, id=6892, stack(0x0000000fc8100000,0x0000000fc8200000)]
  0x000001e9b722f800 JavaThread "jar transforms Thread 71" [_thread_blocked, id=9948, stack(0x0000000fc8000000,0x0000000fc8100000)]
  0x000001e9b7232800 JavaThread "jar transforms Thread 70" [_thread_blocked, id=14120, stack(0x0000000fc7f00000,0x0000000fc8000000)]
  0x000001e9b7235000 JavaThread "jar transforms Thread 69" [_thread_blocked, id=11948, stack(0x0000000fc7e00000,0x0000000fc7f00000)]
  0x000001e9b7234000 JavaThread "jar transforms Thread 68" [_thread_blocked, id=4836, stack(0x0000000fc7d00000,0x0000000fc7e00000)]
  0x000001e9b7233800 JavaThread "jar transforms Thread 67" [_thread_blocked, id=7996, stack(0x0000000fc7c00000,0x0000000fc7d00000)]
  0x000001e9b7228000 JavaThread "jar transforms Thread 66" [_thread_blocked, id=9336, stack(0x0000000fc7b00000,0x0000000fc7c00000)]
  0x000001e9b722f000 JavaThread "jar transforms Thread 65" [_thread_blocked, id=16052, stack(0x0000000fc7a00000,0x0000000fc7b00000)]
  0x000001e9b722d800 JavaThread "jar transforms Thread 64" [_thread_blocked, id=11664, stack(0x0000000fc7900000,0x0000000fc7a00000)]
  0x000001e9b7229800 JavaThread "jar transforms Thread 63" [_thread_blocked, id=14548, stack(0x0000000fc7800000,0x0000000fc7900000)]
  0x000001e9b722c800 JavaThread "jar transforms Thread 62" [_thread_blocked, id=104, stack(0x0000000fc7700000,0x0000000fc7800000)]
  0x000001e9b722e000 JavaThread "jar transforms Thread 61" [_thread_blocked, id=10148, stack(0x0000000fc7600000,0x0000000fc7700000)]
  0x000001e9b722c000 JavaThread "jar transforms Thread 60" [_thread_blocked, id=1744, stack(0x0000000fc7500000,0x0000000fc7600000)]
  0x000001e9b722a800 JavaThread "jar transforms Thread 59" [_thread_blocked, id=15552, stack(0x0000000fc7400000,0x0000000fc7500000)]
  0x000001e9b722b000 JavaThread "jar transforms Thread 58" [_thread_blocked, id=9180, stack(0x0000000fc7300000,0x0000000fc7400000)]
  0x000001e9b7229000 JavaThread "jar transforms Thread 57" [_thread_blocked, id=15472, stack(0x0000000fc7200000,0x0000000fc7300000)]
  0x000001e9b6a8f800 JavaThread "jar transforms Thread 56" [_thread_blocked, id=3256, stack(0x0000000fc7100000,0x0000000fc7200000)]
  0x000001e9b6a92000 JavaThread "jar transforms Thread 55" [_thread_blocked, id=1248, stack(0x0000000fc7000000,0x0000000fc7100000)]
  0x000001e9b6a8f000 JavaThread "jar transforms Thread 54" [_thread_blocked, id=10160, stack(0x0000000fc6f00000,0x0000000fc7000000)]
  0x000001e9b6a8e000 JavaThread "jar transforms Thread 53" [_thread_blocked, id=12340, stack(0x0000000fc6e00000,0x0000000fc6f00000)]
  0x000001e9b6a90800 JavaThread "jar transforms Thread 52" [_thread_blocked, id=8632, stack(0x0000000fc6d00000,0x0000000fc6e00000)]
  0x000001e9b6a8d800 JavaThread "jar transforms Thread 51" [_thread_blocked, id=2384, stack(0x0000000fc6c00000,0x0000000fc6d00000)]
  0x000001e9b6a91000 JavaThread "jar transforms Thread 50" [_thread_blocked, id=11008, stack(0x0000000fc6b00000,0x0000000fc6c00000)]
  0x000001e9b6a85800 JavaThread "jar transforms Thread 49" [_thread_blocked, id=15640, stack(0x0000000fc6a00000,0x0000000fc6b00000)]
  0x000001e9b6a8c000 JavaThread "jar transforms Thread 48" [_thread_blocked, id=2868, stack(0x0000000fc6900000,0x0000000fc6a00000)]
  0x000001e9b6a8b000 JavaThread "jar transforms Thread 47" [_thread_blocked, id=1400, stack(0x0000000fc6800000,0x0000000fc6900000)]
  0x000001e9b6a8c800 JavaThread "jar transforms Thread 46" [_thread_blocked, id=12600, stack(0x0000000fc6700000,0x0000000fc6800000)]
  0x000001e9b6a88000 JavaThread "jar transforms Thread 45" [_thread_blocked, id=10788, stack(0x0000000fc6600000,0x0000000fc6700000)]
  0x000001e9b6a83800 JavaThread "jar transforms Thread 44" [_thread_blocked, id=11976, stack(0x0000000fc6500000,0x0000000fc6600000)]
  0x000001e9b6a87000 JavaThread "jar transforms Thread 43" [_thread_blocked, id=14296, stack(0x0000000fc6400000,0x0000000fc6500000)]
  0x000001e9b6a89000 JavaThread "jar transforms Thread 42" [_thread_blocked, id=4228, stack(0x0000000fc6300000,0x0000000fc6400000)]
  0x000001e9b6a84000 JavaThread "jar transforms Thread 41" [_thread_blocked, id=4736, stack(0x0000000fc6200000,0x0000000fc6300000)]
  0x000001e9b6a86800 JavaThread "jar transforms Thread 40" [_thread_blocked, id=15840, stack(0x0000000fc6100000,0x0000000fc6200000)]
  0x000001e9b6a89800 JavaThread "jar transforms Thread 39" [_thread_blocked, id=8020, stack(0x0000000fc6000000,0x0000000fc6100000)]
  0x000001e9b6a8a800 JavaThread "jar transforms Thread 38" [_thread_blocked, id=2140, stack(0x0000000fc5f00000,0x0000000fc6000000)]
  0x000001e9b6a85000 JavaThread "jar transforms Thread 37" [_thread_blocked, id=11600, stack(0x0000000fc5e00000,0x0000000fc5f00000)]
  0x000001e9b6a82800 JavaThread "jar transforms Thread 36" [_thread_blocked, id=11496, stack(0x0000000fc5d00000,0x0000000fc5e00000)]
  0x000001e9b54c3000 JavaThread "jar transforms Thread 35" [_thread_blocked, id=1164, stack(0x0000000fc5c00000,0x0000000fc5d00000)]
  0x000001e9b54c8800 JavaThread "jar transforms Thread 34" [_thread_blocked, id=16076, stack(0x0000000fc5b00000,0x0000000fc5c00000)]
  0x000001e9b54c7800 JavaThread "jar transforms Thread 33" [_thread_blocked, id=14396, stack(0x0000000fc5a00000,0x0000000fc5b00000)]
  0x000001e9b54c5000 JavaThread "jar transforms Thread 32" [_thread_blocked, id=2004, stack(0x0000000fc5900000,0x0000000fc5a00000)]
  0x000001e9b54c6000 JavaThread "jar transforms Thread 31" [_thread_blocked, id=12964, stack(0x0000000fc5800000,0x0000000fc5900000)]
  0x000001e9b54c3800 JavaThread "jar transforms Thread 30" [_thread_blocked, id=13768, stack(0x0000000fc5700000,0x0000000fc5800000)]
  0x000001e9b54c1800 JavaThread "jar transforms Thread 29" [_thread_blocked, id=2148, stack(0x0000000fc5600000,0x0000000fc5700000)]
  0x000001e9b54c4800 JavaThread "jar transforms Thread 28" [_thread_blocked, id=11420, stack(0x0000000fc5500000,0x0000000fc5600000)]
  0x000001e9b54c2000 JavaThread "jar transforms Thread 27" [_thread_blocked, id=15760, stack(0x0000000fc5400000,0x0000000fc5500000)]
  0x000001e9b54c6800 JavaThread "jar transforms Thread 26" [_thread_blocked, id=16016, stack(0x0000000fc5300000,0x0000000fc5400000)]
  0x000001e9b54ba000 JavaThread "Build operations Thread 12" [_thread_blocked, id=3000, stack(0x0000000fc5200000,0x0000000fc5300000)]
  0x000001e9b54c0800 JavaThread "Build operations Thread 11" [_thread_blocked, id=10004, stack(0x0000000fc5100000,0x0000000fc5200000)]
  0x000001e9b54c0000 JavaThread "Build operations Thread 10" [_thread_blocked, id=5616, stack(0x0000000fc5000000,0x0000000fc5100000)]
  0x000001e9b54b9000 JavaThread "Build operations Thread 9" [_thread_blocked, id=6484, stack(0x0000000fc4f00000,0x0000000fc5000000)]
  0x000001e9b54bd000 JavaThread "Build operations Thread 8" [_thread_blocked, id=15488, stack(0x0000000fc4e00000,0x0000000fc4f00000)]
  0x000001e9b54ba800 JavaThread "Build operations Thread 7" [_thread_blocked, id=4188, stack(0x0000000fc4d00000,0x0000000fc4e00000)]
  0x000001e9b54bc000 JavaThread "Build operations Thread 6" [_thread_blocked, id=2152, stack(0x0000000fc4c00000,0x0000000fc4d00000)]
  0x000001e9b54bf000 JavaThread "Build operations Thread 5" [_thread_blocked, id=15932, stack(0x0000000fc4b00000,0x0000000fc4c00000)]
  0x000001e9b54bb800 JavaThread "Build operations Thread 4" [_thread_blocked, id=2272, stack(0x0000000fc4a00000,0x0000000fc4b00000)]
  0x000001e9b54be800 JavaThread "Build operations Thread 3" [_thread_blocked, id=13580, stack(0x0000000fc4900000,0x0000000fc4a00000)]
  0x000001e9b54bd800 JavaThread "Build operations Thread 2" [_thread_blocked, id=16228, stack(0x0000000fc4800000,0x0000000fc4900000)]
  0x000001e9b1864800 JavaThread "Build operations" [_thread_blocked, id=13376, stack(0x0000000fc4700000,0x0000000fc4800000)]
  0x000001e9b1865800 JavaThread "Cache worker for Build Output Cleanup Cache (D:\myapp\mt_manager\MTManger\.gradle\buildOutputCleanup)" [_thread_blocked, id=11308, stack(0x0000000fc4600000,0x0000000fc4700000)]
  0x000001e9b1862800 JavaThread "Cache worker for file content cache (C:\Users\jmseb\.gradle\caches\6.5\fileContent)" [_thread_blocked, id=3396, stack(0x0000000fc4500000,0x0000000fc4600000)]
  0x000001e9b1861000 JavaThread "Cache worker for execution history cache (C:\Users\jmseb\.gradle\caches\6.5\executionHistory)" [_thread_blocked, id=12364, stack(0x0000000fc4400000,0x0000000fc4500000)]
  0x000001e9b1864000 JavaThread "Cache worker for cache directory md-rule (C:\Users\jmseb\.gradle\caches\6.5\md-rule)" [_thread_blocked, id=16064, stack(0x0000000fc4300000,0x0000000fc4400000)]
  0x000001e9b1858800 JavaThread "Cache worker for cache directory md-supplier (C:\Users\jmseb\.gradle\caches\6.5\md-supplier)" [_thread_blocked, id=1520, stack(0x0000000fc4200000,0x0000000fc4300000)]
  0x000001e9b185f800 JavaThread "Cache worker for checksums cache (D:\myapp\mt_manager\MTManger\.gradle\checksums)" [_thread_blocked, id=14228, stack(0x0000000fc4100000,0x0000000fc4200000)]
  0x000001e9b1858000 JavaThread "jar transforms Thread 25" [_thread_blocked, id=2984, stack(0x0000000fc4000000,0x0000000fc4100000)]
  0x000001e9b185e800 JavaThread "jar transforms Thread 24" [_thread_blocked, id=13468, stack(0x0000000fc3f00000,0x0000000fc4000000)]
  0x000001e9b185a000 JavaThread "jar transforms Thread 23" [_thread_blocked, id=4512, stack(0x0000000fc3e00000,0x0000000fc3f00000)]
  0x000001e9b185b800 JavaThread "jar transforms Thread 22" [_thread_blocked, id=6928, stack(0x0000000fc3d00000,0x0000000fc3e00000)]
  0x000001e9b185e000 JavaThread "jar transforms Thread 21" [_thread_blocked, id=1676, stack(0x0000000fc3c00000,0x0000000fc3d00000)]
  0x000001e9b185d000 JavaThread "jar transforms Thread 20" [_thread_blocked, id=2928, stack(0x0000000fc3b00000,0x0000000fc3c00000)]
  0x000001e9b1856800 JavaThread "jar transforms Thread 19" [_thread_blocked, id=7452, stack(0x0000000fc3a00000,0x0000000fc3b00000)]
  0x000001e9b1857000 JavaThread "jar transforms Thread 18" [_thread_blocked, id=12308, stack(0x0000000fc3900000,0x0000000fc3a00000)]
  0x000001e9b185b000 JavaThread "jar transforms Thread 17" [_thread_blocked, id=9488, stack(0x0000000fc3800000,0x0000000fc3900000)]
  0x000001e9b185c800 JavaThread "jar transforms Thread 16" [_thread_blocked, id=16304, stack(0x0000000fc3700000,0x0000000fc3800000)]
  0x000001e9b1859800 JavaThread "jar transforms Thread 15" [_thread_blocked, id=2784, stack(0x0000000fc3600000,0x0000000fc3700000)]
  0x000001e9b422e800 JavaThread "jar transforms Thread 14" [_thread_blocked, id=2296, stack(0x0000000fc3500000,0x0000000fc3600000)]
  0x000001e9b422d000 JavaThread "jar transforms Thread 13" [_thread_blocked, id=6708, stack(0x0000000fc3400000,0x0000000fc3500000)]
  0x000001e9b422b800 JavaThread "jar transforms Thread 12" [_thread_blocked, id=12256, stack(0x0000000fc3300000,0x0000000fc3400000)]
  0x000001e9b422c800 JavaThread "jar transforms Thread 11" [_thread_blocked, id=15860, stack(0x0000000fc3200000,0x0000000fc3300000)]
  0x000001e9b422f800 JavaThread "jar transforms Thread 10" [_thread_blocked, id=8376, stack(0x0000000fc3100000,0x0000000fc3200000)]
  0x000001e9b422b000 JavaThread "jar transforms Thread 9" [_thread_blocked, id=8636, stack(0x0000000fc3000000,0x0000000fc3100000)]
  0x000001e9b4231000 JavaThread "jar transforms Thread 8" [_thread_blocked, id=8960, stack(0x0000000fc2f00000,0x0000000fc3000000)]
  0x000001e9b422e000 JavaThread "jar transforms Thread 7" [_thread_blocked, id=276, stack(0x0000000fc2e00000,0x0000000fc2f00000)]
  0x000001e9b4230000 JavaThread "jar transforms Thread 6" [_thread_blocked, id=13700, stack(0x0000000fc2d00000,0x0000000fc2e00000)]
  0x000001e9b4231800 JavaThread "jar transforms Thread 5" [_thread_blocked, id=13404, stack(0x0000000fc2c00000,0x0000000fc2d00000)]
  0x000001e9ae960000 JavaThread "jar transforms Thread 4" [_thread_blocked, id=11328, stack(0x0000000fc2b00000,0x0000000fc2c00000)]
  0x000001e9ae95f800 JavaThread "jar transforms Thread 3" [_thread_blocked, id=7488, stack(0x0000000fc2a00000,0x0000000fc2b00000)]
  0x000001e9ae95d000 JavaThread "jar transforms Thread 2" [_thread_blocked, id=2320, stack(0x0000000fc2900000,0x0000000fc2a00000)]
  0x000001e9ae963000 JavaThread "jar transforms" [_thread_blocked, id=12588, stack(0x0000000fc2800000,0x0000000fc2900000)]
  0x000001e9ae964000 JavaThread "Cache worker for file hash cache (D:\myapp\mt_manager\MTManger\.gradle\6.5\fileHashes)" [_thread_blocked, id=6336, stack(0x0000000fc2700000,0x0000000fc2800000)]
  0x000001e9ae95e000 JavaThread "Cache worker for file hash cache (C:\Users\jmseb\.gradle\caches\6.5\fileHashes)" [_thread_blocked, id=11396, stack(0x0000000fc2600000,0x0000000fc2700000)]
  0x000001e9ae961800 JavaThread "File lock request listener" [_thread_in_native, id=15468, stack(0x0000000fc2500000,0x0000000fc2600000)]
  0x000001e9ae961000 JavaThread "Cache worker for journal cache (C:\Users\jmseb\.gradle\caches\journal-1)" [_thread_blocked, id=3052, stack(0x0000000fc2400000,0x0000000fc2500000)]
  0x000001e9b1ebf800 JavaThread "Thread-9" [_thread_blocked, id=13684, stack(0x0000000fc2300000,0x0000000fc2400000)]
  0x000001e9b1ed8000 JavaThread "Stdin handler" [_thread_blocked, id=9136, stack(0x0000000fc2200000,0x0000000fc2300000)]
  0x000001e9b1e90800 JavaThread "Asynchronous log dispatcher for DefaultDaemonConnection: socket connection from /127.0.0.1:2193 to /127.0.0.1:2194" [_thread_blocked, id=8320, stack(0x0000000fc2100000,0x0000000fc2200000)]
  0x000001e9b1e8f800 JavaThread "Daemon worker" [_thread_in_Java, id=3372, stack(0x0000000fc2000000,0x0000000fc2100000)]
  0x000001e9b1e84000 JavaThread "Cancel handler" [_thread_blocked, id=7040, stack(0x0000000fc1f00000,0x0000000fc2000000)]
  0x000001e9b1e6e000 JavaThread "Handler for socket connection from /127.0.0.1:2193 to /127.0.0.1:2194" [_thread_in_native, id=16360, stack(0x0000000fc1e00000,0x0000000fc1f00000)]
  0x000001e9b1df4000 JavaThread "Daemon" [_thread_blocked, id=1432, stack(0x0000000fc1d00000,0x0000000fc1e00000)]
  0x000001e9b1df2000 JavaThread "Daemon periodic checks" [_thread_blocked, id=15848, stack(0x0000000fc1c00000,0x0000000fc1d00000)]
  0x000001e9b1de7800 JavaThread "Incoming local TCP Connector on port 2193" [_thread_in_native, id=6448, stack(0x0000000fc1b00000,0x0000000fc1c00000)]
  0x000001e9b1d8a000 JavaThread "Daemon health stats" [_thread_blocked, id=3188, stack(0x0000000fc1800000,0x0000000fc1900000)]
  0x000001e9ae96e000 JavaThread "Service Thread" daemon [_thread_blocked, id=7956, stack(0x0000000fc1600000,0x0000000fc1700000)]
  0x000001e9ae962800 JavaThread "C1 CompilerThread3" daemon [_thread_in_native, id=10356, stack(0x0000000fc1500000,0x0000000fc1600000)]
=>0x000001e9ae953000 JavaThread "C2 CompilerThread2" daemon [_thread_in_native, id=12328, stack(0x0000000fc1400000,0x0000000fc1500000)]
  0x000001e9ae94c800 JavaThread "C2 CompilerThread1" daemon [_thread_in_native, id=13056, stack(0x0000000fc1300000,0x0000000fc1400000)]
  0x000001e9ae936800 JavaThread "C2 CompilerThread0" daemon [_thread_blocked, id=4464, stack(0x0000000fc1200000,0x0000000fc1300000)]
  0x000001e9ae935800 JavaThread "Attach Listener" daemon [_thread_blocked, id=11692, stack(0x0000000fc1100000,0x0000000fc1200000)]
  0x000001e9b00c3000 JavaThread "Signal Dispatcher" daemon [_thread_blocked, id=11112, stack(0x0000000fc1000000,0x0000000fc1100000)]
  0x000001e9ada9b000 JavaThread "Finalizer" daemon [_thread_blocked, id=16104, stack(0x0000000fc0f00000,0x0000000fc1000000)]
  0x000001e9ae8fb800 JavaThread "Reference Handler" daemon [_thread_blocked, id=16232, stack(0x0000000fc0e00000,0x0000000fc0f00000)]
  0x000001e9979f0000 JavaThread "main" [_thread_blocked, id=10384, stack(0x0000000fc0200000,0x0000000fc0300000)]

Other Threads:
  0x000001e9ae8d4000 VMThread [stack: 0x0000000fc0d00000,0x0000000fc0e00000] [id=8012]
  0x000001e9b00da800 WatcherThread [stack: 0x0000000fc1700000,0x0000000fc1800000] [id=14176]

VM state:not at safepoint (normal execution)

VM Mutex/Monitor currently owned by a thread: None

heap address: 0x0000000080000000, size: 2048 MB, Compressed Oops mode: 32-bit
Narrow klass base: 0x0000000000000000, Narrow klass shift: 3
Compressed class space size: 1073741824 Address: 0x0000000100000000

Heap:
 PSYoungGen      total 216576K, used 68831K [0x00000000d5580000, 0x00000000e3d80000, 0x0000000100000000)
  eden space 197120K, 34% used [0x00000000d5580000,0x00000000d98b7ea0,0x00000000e1600000)
  from space 19456K, 0% used [0x00000000e1600000,0x00000000e1600000,0x00000000e2900000)
  to   space 14848K, 0% used [0x00000000e2900000,0x00000000e2900000,0x00000000e3780000)
 ParOldGen       total 167936K, used 38528K [0x0000000080000000, 0x000000008a400000, 0x00000000d5580000)
  object space 167936K, 22% used [0x0000000080000000,0x00000000825a0078,0x000000008a400000)
 Metaspace       used 61139K, capacity 63720K, committed 63872K, reserved 1103872K
  class space    used 8506K, capacity 9016K, committed 9088K, reserved 1048576K

Card table byte_map: [0x000001e9a86b0000,0x000001e9a8ac0000] byte_map_base: 0x000001e9a82b0000

Marking Bits: (ParMarkBitMap*) 0x0000000052494fb0
 Begin Bits: [0x000001e9a8d70000, 0x000001e9aad70000)
 End Bits:   [0x000001e9aad70000, 0x000001e9acd70000)

Polling page: 0x000001e9992c0000

CodeCache: size=245760Kb used=17212Kb max_used=17218Kb free=228547Kb
 bounds [0x000001e9992f0000, 0x000001e99a3e0000, 0x000001e9a82f0000]
 total_blobs=5803 nmethods=5028 adapters=688
 compilation: enabled

Compilation events (10 events):
Event: 8.185 Thread 0x000001e9ae962800 nmethod 5733 0x000001e99a130710 code [0x000001e99a130880, 0x000001e99a130b00]
Event: 8.185 Thread 0x000001e9ae962800 5727       3       sun.misc.ProxyGenerator$ProxyMethod::access$100 (5 bytes)
Event: 8.185 Thread 0x000001e9ae962800 nmethod 5727 0x000001e99a130350 code [0x000001e99a1304c0, 0x000001e99a130630]
Event: 8.185 Thread 0x000001e9ae962800 5728       3       sun.misc.ProxyGenerator$ProxyMethod::access$1900 (6 bytes)
Event: 8.185 Thread 0x000001e9ae962800 nmethod 5728 0x000001e999d56050 code [0x000001e999d561c0, 0x000001e999d56330]
Event: 8.185 Thread 0x000001e9ae962800 5730       3       sun.misc.ProxyGenerator::access$1800 (7 bytes)
Event: 8.185 Thread 0x000001e9ae962800 nmethod 5730 0x000001e999d55c90 code [0x000001e999d55e00, 0x000001e999d55f70]
Event: 8.185 Thread 0x000001e9ae962800 5732       3       sun.misc.ProxyGenerator$FieldInfo::write (50 bytes)
Event: 8.186 Thread 0x000001e9ae962800 nmethod 5732 0x000001e99a15e750 code [0x000001e99a15e9e0, 0x000001e99a15fb80]
Event: 8.189 Thread 0x000001e9ae936800 nmethod 5731 0x000001e999d549d0 code [0x000001e999d54b40, 0x000001e999d55608]

GC Heap History (10 events):
Event: 3.826 GC heap before
{Heap before GC invocations=8 (full 2):
 PSYoungGen      total 147968K, used 8482K [0x00000000d5580000, 0x00000000e4480000, 0x0000000100000000)
  eden space 132096K, 0% used [0x00000000d5580000,0x00000000d5580000,0x00000000dd680000)
  from space 15872K, 53% used [0x00000000de500000,0x00000000ded48a38,0x00000000df480000)
  to   space 14848K, 0% used [0x00000000dd680000,0x00000000dd680000,0x00000000de500000)
 ParOldGen       total 117760K, used 13697K [0x0000000080000000, 0x0000000087300000, 0x00000000d5580000)
  object space 117760K, 11% used [0x0000000080000000,0x0000000080d607a0,0x0000000087300000)
 Metaspace       used 34058K, capacity 35438K, committed 35496K, reserved 1079296K
  class space    used 4718K, capacity 5072K, committed 5120K, reserved 1048576K
Event: 3.886 GC heap after
Heap after GC invocations=8 (full 2):
 PSYoungGen      total 147968K, used 0K [0x00000000d5580000, 0x00000000e4480000, 0x0000000100000000)
  eden space 132096K, 0% used [0x00000000d5580000,0x00000000d5580000,0x00000000dd680000)
  from space 15872K, 0% used [0x00000000de500000,0x00000000de500000,0x00000000df480000)
  to   space 14848K, 0% used [0x00000000dd680000,0x00000000dd680000,0x00000000de500000)
 ParOldGen       total 167936K, used 16163K [0x0000000080000000, 0x000000008a400000, 0x00000000d5580000)
  object space 167936K, 9% used [0x0000000080000000,0x0000000080fc8cf8,0x000000008a400000)
 Metaspace       used 34058K, capacity 35438K, committed 35496K, reserved 1079296K
  class space    used 4718K, capacity 5072K, committed 5120K, reserved 1048576K
}
Event: 4.903 GC heap before
{Heap before GC invocations=9 (full 2):
 PSYoungGen      total 147968K, used 132096K [0x00000000d5580000, 0x00000000e4480000, 0x0000000100000000)
  eden space 132096K, 100% used [0x00000000d5580000,0x00000000dd680000,0x00000000dd680000)
  from space 15872K, 0% used [0x00000000de500000,0x00000000de500000,0x00000000df480000)
  to   space 14848K, 0% used [0x00000000dd680000,0x00000000dd680000,0x00000000de500000)
 ParOldGen       total 167936K, used 16163K [0x0000000080000000, 0x000000008a400000, 0x00000000d5580000)
  object space 167936K, 9% used [0x0000000080000000,0x0000000080fc8cf8,0x000000008a400000)
 Metaspace       used 38619K, capacity 40568K, committed 40704K, reserved 1083392K
  class space    used 5441K, capacity 5819K, committed 5888K, reserved 1048576K
Event: 4.912 GC heap after
Heap after GC invocations=9 (full 2):
 PSYoungGen      total 146944K, used 10483K [0x00000000d5580000, 0x00000000e3780000, 0x0000000100000000)
  eden space 132096K, 0% used [0x00000000d5580000,0x00000000d5580000,0x00000000dd680000)
  from space 14848K, 70% used [0x00000000dd680000,0x00000000de0bce08,0x00000000de500000)
  to   space 14848K, 0% used [0x00000000e2900000,0x00000000e2900000,0x00000000e3780000)
 ParOldGen       total 167936K, used 16171K [0x0000000080000000, 0x000000008a400000, 0x00000000d5580000)
  object space 167936K, 9% used [0x0000000080000000,0x0000000080fcacf8,0x000000008a400000)
 Metaspace       used 38619K, capacity 40568K, committed 40704K, reserved 1083392K
  class space    used 5441K, capacity 5819K, committed 5888K, reserved 1048576K
}
Event: 6.234 GC heap before
{Heap before GC invocations=10 (full 2):
 PSYoungGen      total 146944K, used 142579K [0x00000000d5580000, 0x00000000e3780000, 0x0000000100000000)
  eden space 132096K, 100% used [0x00000000d5580000,0x00000000dd680000,0x00000000dd680000)
  from space 14848K, 70% used [0x00000000dd680000,0x00000000de0bce08,0x00000000de500000)
  to   space 14848K, 0% used [0x00000000e2900000,0x00000000e2900000,0x00000000e3780000)
 ParOldGen       total 167936K, used 16171K [0x0000000080000000, 0x000000008a400000, 0x00000000d5580000)
  object space 167936K, 9% used [0x0000000080000000,0x0000000080fcacf8,0x000000008a400000)
 Metaspace       used 49600K, capacity 51914K, committed 52096K, reserved 1093632K
  class space    used 6853K, capacity 7295K, committed 7296K, reserved 1048576K
Event: 6.258 GC heap after
Heap after GC invocations=10 (full 2):
 PSYoungGen      total 211968K, used 14840K [0x00000000d5580000, 0x00000000e3d80000, 0x0000000100000000)
  eden space 197120K, 0% used [0x00000000d5580000,0x00000000d5580000,0x00000000e1600000)
  from space 14848K, 99% used [0x00000000e2900000,0x00000000e377e070,0x00000000e3780000)
  to   space 19456K, 0% used [0x00000000e1600000,0x00000000e1600000,0x00000000e2900000)
 ParOldGen       total 167936K, used 22895K [0x0000000080000000, 0x000000008a400000, 0x00000000d5580000)
  object space 167936K, 13% used [0x0000000080000000,0x000000008165be60,0x000000008a400000)
 Metaspace       used 49600K, capacity 51914K, committed 52096K, reserved 1093632K
  class space    used 6853K, capacity 7295K, committed 7296K, reserved 1048576K
}
Event: 7.288 GC heap before
{Heap before GC invocations=11 (full 2):
 PSYoungGen      total 211968K, used 113989K [0x00000000d5580000, 0x00000000e3d80000, 0x0000000100000000)
  eden space 197120K, 50% used [0x00000000d5580000,0x00000000db6535a0,0x00000000e1600000)
  from space 14848K, 99% used [0x00000000e2900000,0x00000000e377e070,0x00000000e3780000)
  to   space 19456K, 0% used [0x00000000e1600000,0x00000000e1600000,0x00000000e2900000)
 ParOldGen       total 167936K, used 22895K [0x0000000080000000, 0x000000008a400000, 0x00000000d5580000)
  object space 167936K, 13% used [0x0000000080000000,0x000000008165be60,0x000000008a400000)
 Metaspace       used 56339K, capacity 58896K, committed 59136K, reserved 1099776K
  class space    used 7691K, capacity 8165K, committed 8192K, reserved 1048576K
Event: 7.321 GC heap after
Heap after GC invocations=11 (full 2):
 PSYoungGen      total 216576K, used 19452K [0x00000000d5580000, 0x00000000e3d80000, 0x0000000100000000)
  eden space 197120K, 0% used [0x00000000d5580000,0x00000000d5580000,0x00000000e1600000)
  from space 19456K, 99% used [0x00000000e1600000,0x00000000e28ff320,0x00000000e2900000)
  to   space 14848K, 0% used [0x00000000e2900000,0x00000000e2900000,0x00000000e3780000)
 ParOldGen       total 167936K, used 27857K [0x0000000080000000, 0x000000008a400000, 0x00000000d5580000)
  object space 167936K, 16% used [0x0000000080000000,0x0000000081b346e0,0x000000008a400000)
 Metaspace       used 56339K, capacity 58896K, committed 59136K, reserved 1099776K
  class space    used 7691K, capacity 8165K, committed 8192K, reserved 1048576K
}
Event: 7.321 GC heap before
{Heap before GC invocations=12 (full 3):
 PSYoungGen      total 216576K, used 19452K [0x00000000d5580000, 0x00000000e3d80000, 0x0000000100000000)
  eden space 197120K, 0% used [0x00000000d5580000,0x00000000d5580000,0x00000000e1600000)
  from space 19456K, 99% used [0x00000000e1600000,0x00000000e28ff320,0x00000000e2900000)
  to   space 14848K, 0% used [0x00000000e2900000,0x00000000e2900000,0x00000000e3780000)
 ParOldGen       total 167936K, used 27857K [0x0000000080000000, 0x000000008a400000, 0x00000000d5580000)
  object space 167936K, 16% used [0x0000000080000000,0x0000000081b346e0,0x000000008a400000)
 Metaspace       used 56339K, capacity 58896K, committed 59136K, reserved 1099776K
  class space    used 7691K, capacity 8165K, committed 8192K, reserved 1048576K
Event: 7.454 GC heap after
Heap after GC invocations=12 (full 3):
 PSYoungGen      total 216576K, used 0K [0x00000000d5580000, 0x00000000e3d80000, 0x0000000100000000)
  eden space 197120K, 0% used [0x00000000d5580000,0x00000000d5580000,0x00000000e1600000)
  from space 19456K, 0% used [0x00000000e1600000,0x00000000e1600000,0x00000000e2900000)
  to   space 14848K, 0% used [0x00000000e2900000,0x00000000e2900000,0x00000000e3780000)
 ParOldGen       total 167936K, used 38528K [0x0000000080000000, 0x000000008a400000, 0x00000000d5580000)
  object space 167936K, 22% used [0x0000000080000000,0x00000000825a0078,0x000000008a400000)
 Metaspace       used 56289K, capacity 58728K, committed 59136K, reserved 1099776K
  class space    used 7675K, capacity 8137K, committed 8192K, reserved 1048576K
}

Deoptimization events (10 events):
Event: 8.036 Thread 0x000001e9b1e8f800 Uncommon trap: reason=unstable_if action=reinterpret pc=0x000001e99a0f0740 method=java.lang.reflect.AccessibleObject.setAccessible0(Ljava/lang/reflect/AccessibleObject;Z)V @ 23
Event: 8.063 Thread 0x000001e9b1e8f800 Uncommon trap: reason=unstable_if action=reinterpret pc=0x000001e99993d864 method=java.util.Collections$SetFromMap.remove(Ljava/lang/Object;)Z @ 10
Event: 8.122 Thread 0x000001e9b1e8f800 Uncommon trap: reason=unstable_if action=reinterpret pc=0x000001e99a217004 method=org.objectweb.asm.AnnotationWriter.computeAnnotationsSize(Lorg/objectweb/asm/AnnotationWriter;Lorg/objectweb/asm/AnnotationWriter;Lorg/objectweb/asm/AnnotationWriter;Lorg/ob
Event: 8.122 Thread 0x000001e9b1e8f800 Uncommon trap: reason=unstable_if action=reinterpret pc=0x000001e99a28be7c method=org.objectweb.asm.AnnotationWriter.putAnnotations(Lorg/objectweb/asm/SymbolTable;Lorg/objectweb/asm/AnnotationWriter;Lorg/objectweb/asm/AnnotationWriter;Lorg/objectweb/asm/A
Event: 8.135 Thread 0x000001e9b1e8f800 Uncommon trap: reason=class_check action=maybe_recompile pc=0x000001e9993f49dc method=java.util.regex.Matcher.search(I)Z @ 86
Event: 8.136 Thread 0x000001e9b1e8f800 Uncommon trap: reason=class_check action=maybe_recompile pc=0x000001e9993f49dc method=java.util.regex.Matcher.search(I)Z @ 86
Event: 8.137 Thread 0x000001e9b1e8f800 Uncommon trap: reason=class_check action=maybe_recompile pc=0x000001e9993f49dc method=java.util.regex.Matcher.search(I)Z @ 86
Event: 8.188 Thread 0x000001e9b1e8f800 Uncommon trap: reason=unstable_if action=reinterpret pc=0x000001e99994d2cc method=java.util.TreeMap.put(Ljava/lang/Object;Ljava/lang/Object;)Ljava/lang/Object; @ 163
Event: 8.191 Thread 0x000001e9b1e8f800 Uncommon trap: reason=unstable_if action=reinterpret pc=0x000001e999e269c4 method=java.lang.AbstractStringBuilder.append(I)Ljava/lang/AbstractStringBuilder; @ 16
Event: 8.191 Thread 0x000001e9b1e8f800 Uncommon trap: reason=unstable_if action=reinterpret pc=0x000001e999dfee20 method=java.lang.Integer.getChars(II[C)V @ 7

Classes redefined (0 events):
No events

Internal exceptions (10 events):
Event: 7.948 Thread 0x000001e9b1e8f800 Exception <a 'java/lang/ClassNotFoundException': org/gradle/api/internal/file/collections/DefaultConfigurableFileTreeCustomizer> (0x00000000d75145e0) thrown at [C:\jenkins\workspace\8-2-build-windows-amd64-cygwin\jdk8u261\295\hotspot\src\share\vm\classfil
Event: 8.035 Thread 0x000001e9b1e8f800 Exception <a 'java/lang/ClassNotFoundException': org/jetbrains/plugins/gradle/model/web/WebConfigurationBeanInfo> (0x00000000d7d1f880) thrown at [C:\jenkins\workspace\8-2-build-windows-amd64-cygwin\jdk8u261\295\hotspot\src\share\vm\classfile\systemDiction
Event: 8.035 Thread 0x000001e9b1e8f800 Exception <a 'java/lang/ClassNotFoundException': org/jetbrains/plugins/gradle/model/web/WebConfigurationCustomizer> (0x00000000d7d32e98) thrown at [C:\jenkins\workspace\8-2-build-windows-amd64-cygwin\jdk8u261\295\hotspot\src\share\vm\classfile\systemDicti
Event: 8.036 Thread 0x000001e9b1e8f800 Exception <a 'java/lang/SecurityException'> (0x00000000d7d48058) thrown at [C:\jenkins\workspace\8-2-build-windows-amd64-cygwin\jdk8u261\295\hotspot\src\share\vm\prims\jvm.cpp, line 1516]
Event: 8.037 Thread 0x000001e9b1e8f800 Exception <a 'java/lang/ClassNotFoundException': java/lang/ClassBeanInfo> (0x00000000d7e58b48) thrown at [C:\jenkins\workspace\8-2-build-windows-amd64-cygwin\jdk8u261\295\hotspot\src\share\vm\classfile\systemDictionary.cpp, line 210]
Event: 8.037 Thread 0x000001e9b1e8f800 Exception <a 'java/lang/ClassNotFoundException': java/lang/ClassCustomizer> (0x00000000d7e61200) thrown at [C:\jenkins\workspace\8-2-build-windows-amd64-cygwin\jdk8u261\295\hotspot\src\share\vm\classfile\systemDictionary.cpp, line 210]
Event: 8.040 Thread 0x000001e9b1e8f800 Exception <a 'java/lang/ClassNotFoundException': java/lang/StringBeanInfo> (0x00000000d7f9c798) thrown at [C:\jenkins\workspace\8-2-build-windows-amd64-cygwin\jdk8u261\295\hotspot\src\share\vm\classfile\systemDictionary.cpp, line 210]
Event: 8.041 Thread 0x000001e9b1e8f800 Exception <a 'java/lang/ClassNotFoundException': java/lang/StringCustomizer> (0x00000000d7fa4e50) thrown at [C:\jenkins\workspace\8-2-build-windows-amd64-cygwin\jdk8u261\295\hotspot\src\share\vm\classfile\systemDictionary.cpp, line 210]
Event: 8.043 Thread 0x000001e9b1e8f800 Exception <a 'java/lang/ClassNotFoundException': org/jetbrains/plugins/gradle/model/scala/ScalaModelBeanInfo> (0x00000000d8000088) thrown at [C:\jenkins\workspace\8-2-build-windows-amd64-cygwin\jdk8u261\295\hotspot\src\share\vm\classfile\systemDictionary.
Event: 8.044 Thread 0x000001e9b1e8f800 Exception <a 'java/lang/ClassNotFoundException': org/jetbrains/plugins/gradle/model/scala/ScalaModelCustomizer> (0x00000000d8012ed0) thrown at [C:\jenkins\workspace\8-2-build-windows-amd64-cygwin\jdk8u261\295\hotspot\src\share\vm\classfile\systemDictionar

Events (10 events):
Event: 8.211 loading class org/jetbrains/plugins/gradle/tooling/serialization/GradleExtensionsSerializationService$ReadContext
Event: 8.211 loading class org/jetbrains/plugins/gradle/tooling/serialization/GradleExtensionsSerializationService$ReadContext done
Event: 8.211 loading class org/jetbrains/plugins/gradle/tooling/serialization/ExternalTestsSerializationService
Event: 8.211 loading class org/jetbrains/plugins/gradle/tooling/serialization/ExternalTestsSerializationService done
Event: 8.211 loading class org/jetbrains/plugins/gradle/tooling/serialization/ExternalTestsSerializationService$WriteContext
Event: 8.211 loading class org/jetbrains/plugins/gradle/tooling/serialization/ExternalTestsSerializationService$WriteContext done
Event: 8.212 loading class org/jetbrains/plugins/gradle/tooling/serialization/ExternalTestsSerializationService$ReadContext
Event: 8.212 loading class org/jetbrains/plugins/gradle/tooling/serialization/ExternalTestsSerializationService$ReadContext done
Event: 8.212 loading class org/jetbrains/plugins/gradle/tooling/serialization/AnnotationProcessingModelSerializationService
Event: 8.212 loading class org/jetbrains/plugins/gradle/tooling/serialization/AnnotationProcessingModelSerializationService done


Dynamic libraries:
0x00007ff64b0f0000 - 0x00007ff64b137000 	C:\Program Files\Java\jdk1.8.0_261\bin\java.exe
0x00007ff9162f0000 - 0x00007ff9164e5000 	C:\WINDOWS\SYSTEM32\ntdll.dll
0x00007ff9153f0000 - 0x00007ff9154ad000 	C:\WINDOWS\System32\KERNEL32.DLL
0x00007ff913d40000 - 0x00007ff914008000 	C:\WINDOWS\System32\KERNELBASE.dll
0x00007ff915060000 - 0x00007ff91510c000 	C:\WINDOWS\System32\ADVAPI32.dll
0x00007ff914400000 - 0x00007ff91449e000 	C:\WINDOWS\System32\msvcrt.dll
0x00007ff914360000 - 0x00007ff9143fb000 	C:\WINDOWS\System32\sechost.dll
0x00007ff914640000 - 0x00007ff91476b000 	C:\WINDOWS\System32\RPCRT4.dll
0x00007ff9144a0000 - 0x00007ff914640000 	C:\WINDOWS\System32\USER32.dll
0x00007ff913cb0000 - 0x00007ff913cd2000 	C:\WINDOWS\System32\win32u.dll
0x00007ff914840000 - 0x00007ff91486a000 	C:\WINDOWS\System32\GDI32.dll
0x00007ff914060000 - 0x00007ff91416b000 	C:\WINDOWS\System32\gdi32full.dll
0x00007ff913c10000 - 0x00007ff913cad000 	C:\WINDOWS\System32\msvcp_win.dll
0x00007ff914250000 - 0x00007ff914350000 	C:\WINDOWS\System32\ucrtbase.dll
0x00007ff9041c0000 - 0x00007ff90445a000 	C:\WINDOWS\WinSxS\amd64_microsoft.windows.common-controls_6595b64144ccf1df_6.0.19041.844_none_ca00b6081b84eb1d\COMCTL32.dll
0x00007ff915c00000 - 0x00007ff915c30000 	C:\WINDOWS\System32\IMM32.DLL
0x00007ff9105f0000 - 0x00007ff910605000 	C:\Program Files\Java\jdk1.8.0_261\jre\bin\vcruntime140.dll
0x00007ff9034a0000 - 0x00007ff90353b000 	C:\Program Files\Java\jdk1.8.0_261\jre\bin\msvcp140.dll
0x0000000051ca0000 - 0x000000005250c000 	C:\Program Files\Java\jdk1.8.0_261\jre\bin\server\jvm.dll
0x00007ff915330000 - 0x00007ff915338000 	C:\WINDOWS\System32\PSAPI.DLL
0x00007ff90d500000 - 0x00007ff90d50a000 	C:\WINDOWS\SYSTEM32\VERSION.dll
0x00007ff904fe0000 - 0x00007ff905007000 	C:\WINDOWS\SYSTEM32\WINMM.dll
0x00007ff9112f0000 - 0x00007ff9112f9000 	C:\WINDOWS\SYSTEM32\WSOCK32.dll
0x00007ff915110000 - 0x00007ff91517b000 	C:\WINDOWS\System32\WS2_32.dll
0x00007ff911990000 - 0x00007ff9119a2000 	C:\WINDOWS\SYSTEM32\kernel.appcore.dll
0x00007ff910640000 - 0x00007ff910650000 	C:\Program Files\Java\jdk1.8.0_261\jre\bin\verify.dll
0x00007ff8effc0000 - 0x00007ff8effeb000 	C:\Program Files\Java\jdk1.8.0_261\jre\bin\java.dll
0x00007ff8f5900000 - 0x00007ff8f5918000 	C:\Program Files\Java\jdk1.8.0_261\jre\bin\zip.dll
0x00007ff9154b0000 - 0x00007ff915bf2000 	C:\WINDOWS\System32\SHELL32.dll
0x00007ff911b90000 - 0x00007ff912321000 	C:\WINDOWS\SYSTEM32\windows.storage.dll
0x00007ff915cb0000 - 0x00007ff916005000 	C:\WINDOWS\System32\combase.dll
0x00007ff9134a0000 - 0x00007ff9134cc000 	C:\WINDOWS\SYSTEM32\Wldp.dll
0x00007ff914fb0000 - 0x00007ff91505e000 	C:\WINDOWS\System32\SHCORE.dll
0x00007ff916010000 - 0x00007ff916065000 	C:\WINDOWS\System32\shlwapi.dll
0x00007ff913970000 - 0x00007ff91398f000 	C:\WINDOWS\SYSTEM32\profapi.dll
0x00007ff8f4df0000 - 0x00007ff8f4e0c000 	C:\Program Files\Java\jdk1.8.0_261\jre\bin\net.dll
0x00007ff913210000 - 0x00007ff91327a000 	C:\WINDOWS\system32\mswsock.dll
0x00007ff8f1880000 - 0x00007ff8f1893000 	C:\Program Files\Java\jdk1.8.0_261\jre\bin\nio.dll
0x00007ff8e42d0000 - 0x00007ff8e42f7000 	C:\Users\jmseb\.gradle\native\f6784746aeab05261644944871eae4fe03e0ef1612fff0a4a95f87b438bc6780\windows-amd64\native-platform.dll
0x00007ff9105c0000 - 0x00007ff9105cd000 	C:\Program Files\Java\jdk1.8.0_261\jre\bin\management.dll
0x00007ff9133f0000 - 0x00007ff913408000 	C:\WINDOWS\SYSTEM32\CRYPTSP.dll
0x00007ff912b40000 - 0x00007ff912b74000 	C:\WINDOWS\system32\rsaenh.dll
0x00007ff914170000 - 0x00007ff914197000 	C:\WINDOWS\System32\bcrypt.dll
0x00007ff913930000 - 0x00007ff91395e000 	C:\WINDOWS\SYSTEM32\USERENV.dll
0x00007ff913b90000 - 0x00007ff913c10000 	C:\WINDOWS\System32\bcryptprimitives.dll
0x00007ff9133e0000 - 0x00007ff9133ec000 	C:\WINDOWS\SYSTEM32\CRYPTBASE.dll
0x00007ff912eb0000 - 0x00007ff912eeb000 	C:\WINDOWS\SYSTEM32\IPHLPAPI.DLL
0x00007ff914350000 - 0x00007ff914358000 	C:\WINDOWS\System32\NSI.dll
0x00007ff90d5a0000 - 0x00007ff90d5b7000 	C:\WINDOWS\SYSTEM32\dhcpcsvc6.DLL
0x00007ff90d580000 - 0x00007ff90d59d000 	C:\WINDOWS\SYSTEM32\dhcpcsvc.DLL
0x00007ff912f00000 - 0x00007ff912fcc000 	C:\WINDOWS\SYSTEM32\DNSAPI.dll
0x00007ff90d790000 - 0x00007ff90d79b000 	C:\WINDOWS\SYSTEM32\WINNSI.DLL
0x00007ff902630000 - 0x00007ff902814000 	C:\WINDOWS\SYSTEM32\dbghelp.dll

VM Arguments:
jvm_args: -Xmx2048m -Dfile.encoding=UTF-8 -Duser.country=KR -Duser.language=ko -Duser.variant 
java_command: org.gradle.launcher.daemon.bootstrap.GradleDaemon 6.5
java_class_path (initial): C:\Users\jmseb\.gradle\wrapper\dists\gradle-6.5-bin\6nifqtx7604sqp1q6g8wikw7p\gradle-6.5\lib\gradle-launcher-6.5.jar
Launcher Type: SUN_STANDARD

Environment Variables:
JAVA_HOME=C:\Program Files\Java\jdk1.8.0_261
CLASSPATH=%classpath%;,;,;,
PATH=C:\Program Files\Java\jdk1.8.0_261\bin;C:\Program Files (x86)\Common Files\Oracle\Java\javapath;C:\Program Files (x86)\Common Files\Intel\Shared Libraries\redist\intel64\compiler;C:\Windows\system32;C:\Windows;C:\Windows\System32\Wbem;C:\Windows\System32\WindowsPowerShell\v1.0\;C:\Windows\System32\OpenSSH\;C:\Program Files (x86)\NVIDIA Corporation\PhysX\Common;C:\Program Files\NVIDIA Corporation\NVIDIA NvDLISR;C:\Program Files\Git\cmd;C:\WINDOWS\system32;C:\WINDOWS;C:\WINDOWS\System32\Wbem;C:\WINDOWS\System32\WindowsPowerShell\v1.0\;C:\WINDOWS\System32\OpenSSH\;C:\Users\jmseb\AppData\Local\Programs\Python\Python38-32\Scripts\;C:\Users\jmseb\AppData\Local\Programs\Python\Python38-32\;C:\Users\jmseb\AppData\Local\Microsoft\WindowsApps;C:\Program Files\Bandizip\;C:\Users\jmseb\Microsoft VS Code\bin;C:\Users\jmseb\AppData\Local\GitHubDesktop\bin
USERNAME=¡§ø¯»Ò
OS=Windows_NT
PROCESSOR_IDENTIFIER=AMD64 Family 23 Model 8 Stepping 2, AuthenticAMD



---------------  S Y S T E M  ---------------

OS: Windows 10.0 , 64 bit Build 19041 (10.0.19041.928)

CPU:total 12 (initial active 12) (12 cores per cpu, 1 threads per core) family 23 model 8 stepping 2, cmov, cx8, fxsr, mmx, sse, sse2, sse3, ssse3, sse4.1, sse4.2, popcnt, avx, avx2, aes, clmul, mmxext, 3dnowpref, lzcnt, sse4a, tsc, tscinvbit, tscinv, bmi1

Memory: 4k page, physical 16724532k(7276440k free), swap 16724532k(13692k free)

vm_info: Java HotSpot(TM) 64-Bit Server VM (25.261-b12) for windows-amd64 JRE (1.8.0_261-b12), built on Jun 18 2020 06:56:32 by "" with unknown MS VC++:1916

time: Mon Apr 19 16:18:01 2021
timezone: ¥Î«—πŒ±π «•¡ÿΩ√
elapsed time: 8 seconds (0d 0h 0m 8s)

