#
# There is insufficient memory for the Java Runtime Environment to continue.
# Native memory allocation (malloc) failed to allocate 1313776 bytes for Chunk::new
# Possible reasons:
#   The system is out of physical RAM or swap space
#   The process is running with CompressedOops enabled, and the Java Heap may be blocking the growth of the native heap
# Possible solutions:
#   Reduce memory load on the system
#   Increase physical memory or swap space
#   Check if swap backing store is full
#   Decrease Java heap size (-Xmx/-Xms)
#   Decrease number of Java threads
#   Decrease Java thread stack sizes (-Xss)
#   Set larger code cache with -XX:ReservedCodeCacheSize=
#   JVM is running with Unscaled Compressed Oops mode in which the Java heap is
#     placed in the first 4GB address space. The Java Heap base address is the
#     maximum limit for the native heap growth. Please use -XX:HeapBaseMinAddress
#     to set the Java Heap base and to place the Java Heap above 4GB virtual address.
# This output file may be truncated or incomplete.
#
#  Out of Memory Error (allocation.cpp:389), pid=12404, tid=0x0000000000003e68
#
# JRE version: OpenJDK Runtime Environment (8.0_242-b01) (build 1.8.0_242-release-1644-b01)
# Java VM: OpenJDK 64-Bit Server VM (25.242-b01 mixed mode windows-amd64 compressed oops)
# Failed to write core dump. Minidumps are not enabled by default on client versions of Windows
#

---------------  T H R E A D  ---------------

Current thread (0x00000000195ed800):  JavaThread "C2 CompilerThread2" daemon [_thread_in_native, id=15976, stack(0x000000001ad50000,0x000000001ae50000)]

Stack: [0x000000001ad50000,0x000000001ae50000]
[error occurred during error reporting (printing stack bounds), id 0xc0000005]

Native frames: (J=compiled Java code, j=interpreted, Vv=VM code, C=native code)


Current CompileTask:
C2: 369659 22731   !   4       com.sun.tools.javac.jvm.ClassReader::classSigToType (498 bytes)


---------------  P R O C E S S  ---------------

Java Threads: ( => current thread )
  0x000000002caa2000 JavaThread "Cache worker for Java compile cache (D:\myapp\mt_manager\MTManger\.gradle\6.5\javaCompile)" [_thread_blocked, id=12324, stack(0x0000000035ab0000,0x0000000035bb0000)]
  0x000000002caa1000 JavaThread "Cache worker for Java compile cache (C:\Users\jmseb\.gradle\caches\6.5\javaCompile)" [_thread_blocked, id=3896, stack(0x0000000035140000,0x0000000035240000)]
  0x000000002caa0800 JavaThread "RMI TCP Connection(2)-127.0.0.1" daemon [_thread_in_native, id=12828, stack(0x00000000348f0000,0x00000000349f0000)]
  0x000000002ca9f800 JavaThread "WorkerExecutor Queue Thread 14" [_thread_blocked, id=14004, stack(0x0000000031ef0000,0x0000000031ff0000)]
  0x000000002ca9e000 JavaThread "RMI TCP Connection(3)-127.0.0.1" daemon [_thread_in_native, id=15136, stack(0x00000000336f0000,0x00000000337f0000)]
  0x000000002caa5000 JavaThread "RMI Reaper" [_thread_blocked, id=15456, stack(0x00000000335f0000,0x00000000336f0000)]
  0x000000002caa4000 JavaThread "RMI TCP Accept-0" daemon [_thread_in_native, id=1500, stack(0x00000000321f0000,0x00000000322f0000)]
  0x000000002ca9c800 JavaThread "GC Daemon" daemon [_thread_blocked, id=14860, stack(0x00000000320f0000,0x00000000321f0000)]
  0x000000002ca9d800 JavaThread "RMI Scheduler(0)" daemon [_thread_blocked, id=936, stack(0x00000000316f0000,0x00000000317f0000)]
  0x000000002bc55800 JavaThread "WorkerExecutor Queue Thread 12" [_thread_blocked, id=9036, stack(0x0000000033820000,0x0000000033920000)]
  0x000000002bc54000 JavaThread "stdout" [_thread_in_native, id=7784, stack(0x00000000333f0000,0x00000000334f0000)]
  0x000000002bc4c800 JavaThread "stderr" [_thread_in_native, id=14444, stack(0x00000000332f0000,0x00000000333f0000)]
  0x000000002bc53800 JavaThread "stdout" [_thread_in_native, id=10836, stack(0x00000000331f0000,0x00000000332f0000)]
  0x000000002bc4c000 JavaThread "stderr" [_thread_in_native, id=14544, stack(0x00000000330f0000,0x00000000331f0000)]
  0x000000002bc52800 JavaThread "stdout" [_thread_in_native, id=11556, stack(0x0000000032ff0000,0x00000000330f0000)]
  0x000000002bc50800 JavaThread "stderr" [_thread_in_native, id=8820, stack(0x0000000032ef0000,0x0000000032ff0000)]
  0x000000002bc52000 JavaThread "stdout" [_thread_in_native, id=15828, stack(0x0000000032df0000,0x0000000032ef0000)]
  0x000000002bc4a800 JavaThread "stderr" [_thread_in_native, id=18188, stack(0x0000000032cf0000,0x0000000032df0000)]
  0x000000002bc4d800 JavaThread "stdout" [_thread_in_native, id=9016, stack(0x0000000032bf0000,0x0000000032cf0000)]
  0x000000002bc4b000 JavaThread "stderr" [_thread_in_native, id=14852, stack(0x0000000032af0000,0x0000000032bf0000)]
  0x000000002bc51000 JavaThread "stdout" [_thread_in_native, id=1280, stack(0x00000000329f0000,0x0000000032af0000)]
  0x000000002bc4f800 JavaThread "stderr" [_thread_in_native, id=15204, stack(0x00000000328f0000,0x00000000329f0000)]
  0x000000001d673000 JavaThread "stdout" [_thread_in_native, id=16896, stack(0x00000000327f0000,0x00000000328f0000)]
  0x000000002d7fb800 JavaThread "stderr" [_thread_in_native, id=15960, stack(0x00000000326f0000,0x00000000327f0000)]
  0x000000002d7fb000 JavaThread "stdout" [_thread_in_native, id=14808, stack(0x00000000325f0000,0x00000000326f0000)]
  0x000000002d7f9800 JavaThread "stderr" [_thread_in_native, id=16988, stack(0x00000000324f0000,0x00000000325f0000)]
  0x000000002d7f8800 JavaThread "pool-6-thread-1" [_thread_blocked, id=16768, stack(0x00000000323f0000,0x00000000324f0000)]
  0x000000002d7fa000 JavaThread "WorkerExecutor Queue Thread 9" [_thread_blocked, id=5932, stack(0x00000000322f0000,0x00000000323f0000)]
  0x000000002d7f7000 JavaThread "WorkerExecutor Queue Thread 6" [_thread_blocked, id=12168, stack(0x0000000031ff0000,0x00000000320f0000)]
  0x000000002d7f6800 JavaThread "WorkerExecutor Queue Thread 4" [_thread_blocked, id=6412, stack(0x0000000031df0000,0x0000000031ef0000)]
  0x000000002d7f3800 JavaThread "Cache worker for execution history cache (D:\myapp\mt_manager\MTManger\.gradle\6.5\executionHistory)" [_thread_blocked, id=9344, stack(0x00000000315f0000,0x00000000316f0000)]
  0x000000002d7f2000 JavaThread "Execution worker for ':' Thread 11" [_thread_blocked, id=14880, stack(0x00000000314f0000,0x00000000315f0000)]
  0x000000002d7f1000 JavaThread "Execution worker for ':' Thread 10" [_thread_blocked, id=12800, stack(0x00000000313f0000,0x00000000314f0000)]
  0x000000002d7f2800 JavaThread "Execution worker for ':' Thread 9" [_thread_blocked, id=11036, stack(0x00000000312f0000,0x00000000313f0000)]
  0x000000002b9b4800 JavaThread "Execution worker for ':' Thread 8" [_thread_blocked, id=18396, stack(0x00000000311f0000,0x00000000312f0000)]
  0x000000002b9b2800 JavaThread "Execution worker for ':' Thread 7" [_thread_blocked, id=15760, stack(0x00000000310f0000,0x00000000311f0000)]
  0x000000002b9b5800 JavaThread "Execution worker for ':' Thread 6" [_thread_blocked, id=16524, stack(0x0000000030ff0000,0x00000000310f0000)]
  0x000000002b9b4000 JavaThread "Execution worker for ':' Thread 5" [_thread_in_Java, id=5424, stack(0x0000000030ef0000,0x0000000030ff0000)]
  0x000000002b9b1800 JavaThread "Execution worker for ':' Thread 4" [_thread_blocked, id=1352, stack(0x0000000030df0000,0x0000000030ef0000)]
  0x000000002b9b0000 JavaThread "Execution worker for ':' Thread 3" [_thread_blocked, id=3044, stack(0x0000000030cf0000,0x0000000030df0000)]
  0x000000002b9b1000 JavaThread "Execution worker for ':' Thread 2" [_thread_blocked, id=14768, stack(0x0000000030bf0000,0x0000000030cf0000)]
  0x000000002b9b7000 JavaThread "Execution worker for ':'" [_thread_blocked, id=7048, stack(0x000000002ef20000,0x000000002f020000)]
  0x000000002b9b6000 JavaThread "Cache worker for file content cache (D:\myapp\mt_manager\MTManger\.gradle\6.5\fileContent)" [_thread_blocked, id=17796, stack(0x000000002e120000,0x000000002e220000)]
  0x000000002b9b3000 JavaThread "Cache worker for Build Output Cleanup Cache (D:\myapp\mt_manager\MTManger\.gradle\buildOutputCleanup)" [_thread_blocked, id=16444, stack(0x000000002c810000,0x000000002c910000)]
  0x0000000020aba800 JavaThread "jar transforms Thread 228" [_thread_blocked, id=8336, stack(0x000000002ab40000,0x000000002ac40000)]
  0x0000000020ab9000 JavaThread "jar transforms Thread 227" [_thread_blocked, id=4980, stack(0x000000002a640000,0x000000002a740000)]
  0x0000000020abf000 JavaThread "jar transforms Thread 226" [_thread_blocked, id=3304, stack(0x000000002a540000,0x000000002a640000)]
  0x0000000020abc000 JavaThread "jar transforms Thread 225" [_thread_blocked, id=7132, stack(0x000000002a440000,0x000000002a540000)]
  0x0000000020ab7800 JavaThread "jar transforms Thread 224" [_thread_blocked, id=1944, stack(0x000000002a340000,0x000000002a440000)]
  0x0000000020abd000 JavaThread "jar transforms Thread 223" [_thread_blocked, id=10608, stack(0x000000002a240000,0x000000002a340000)]
  0x0000000020abe800 JavaThread "jar transforms Thread 222" [_thread_blocked, id=10460, stack(0x000000002a140000,0x000000002a240000)]
  0x0000000020ab8800 JavaThread "jar transforms Thread 221" [_thread_blocked, id=14944, stack(0x000000002a040000,0x000000002a140000)]
  0x0000000020aba000 JavaThread "jar transforms Thread 220" [_thread_blocked, id=16588, stack(0x0000000029f40000,0x000000002a040000)]
  0x0000000020abd800 JavaThread "jar transforms Thread 219" [_thread_blocked, id=12024, stack(0x0000000029e40000,0x0000000029f40000)]
  0x0000000020abb800 JavaThread "jar transforms Thread 218" [_thread_blocked, id=13596, stack(0x0000000029d40000,0x0000000029e40000)]
  0x0000000020ab0000 JavaThread "jar transforms Thread 217" [_thread_blocked, id=11416, stack(0x0000000029c40000,0x0000000029d40000)]
  0x0000000020ab7000 JavaThread "jar transforms Thread 216" [_thread_blocked, id=11616, stack(0x0000000029b40000,0x0000000029c40000)]
  0x0000000020ab3000 JavaThread "jar transforms Thread 215" [_thread_blocked, id=15604, stack(0x0000000029a40000,0x0000000029b40000)]
  0x0000000020ab5800 JavaThread "jar transforms Thread 214" [_thread_blocked, id=4856, stack(0x0000000029940000,0x0000000029a40000)]
  0x0000000020ab2800 JavaThread "jar transforms Thread 213" [_thread_blocked, id=3248, stack(0x0000000029840000,0x0000000029940000)]
  0x0000000020ab4000 JavaThread "jar transforms Thread 212" [_thread_blocked, id=3328, stack(0x0000000029740000,0x0000000029840000)]
  0x0000000020ab4800 JavaThread "jar transforms Thread 211" [_thread_blocked, id=17568, stack(0x0000000029540000,0x0000000029640000)]
  0x0000000020ab1800 JavaThread "jar transforms Thread 210" [_thread_blocked, id=17104, stack(0x0000000029440000,0x0000000029540000)]
  0x0000000020ab1000 JavaThread "jar transforms Thread 209" [_thread_blocked, id=15292, stack(0x0000000029340000,0x0000000029440000)]
  0x0000000020ab6000 JavaThread "jar transforms Thread 208" [_thread_blocked, id=14648, stack(0x0000000029240000,0x0000000029340000)]
  0x0000000020dcf000 JavaThread "jar transforms Thread 207" [_thread_blocked, id=6196, stack(0x0000000029140000,0x0000000029240000)]
  0x0000000020dd4800 JavaThread "jar transforms Thread 206" [_thread_blocked, id=15036, stack(0x0000000029040000,0x0000000029140000)]
  0x0000000020dd3000 JavaThread "jar transforms Thread 205" [_thread_blocked, id=12700, stack(0x0000000028f40000,0x0000000029040000)]
  0x0000000020dd3800 JavaThread "jar transforms Thread 204" [_thread_blocked, id=12512, stack(0x0000000028e40000,0x0000000028f40000)]
  0x0000000020dd1800 JavaThread "jar transforms Thread 203" [_thread_blocked, id=16196, stack(0x0000000028d40000,0x0000000028e40000)]
  0x0000000020dd0800 JavaThread "jar transforms Thread 202" [_thread_blocked, id=17644, stack(0x0000000028c40000,0x0000000028d40000)]
  0x0000000020dd0000 JavaThread "jar transforms Thread 201" [_thread_blocked, id=13188, stack(0x0000000028b40000,0x0000000028c40000)]
  0x0000000020dd2000 JavaThread "jar transforms Thread 200" [_thread_blocked, id=17228, stack(0x0000000028a40000,0x0000000028b40000)]
  0x0000000020dc8000 JavaThread "jar transforms Thread 199" [_thread_blocked, id=3088, stack(0x0000000028940000,0x0000000028a40000)]
  0x0000000020dce000 JavaThread "jar transforms Thread 198" [_thread_blocked, id=9812, stack(0x0000000028840000,0x0000000028940000)]
  0x0000000020dca800 JavaThread "jar transforms Thread 197" [_thread_blocked, id=13128, stack(0x0000000028740000,0x0000000028840000)]
  0x0000000020dcd800 JavaThread "jar transforms Thread 196" [_thread_blocked, id=7248, stack(0x0000000028640000,0x0000000028740000)]
  0x0000000020dc7800 JavaThread "jar transforms Thread 195" [_thread_blocked, id=18208, stack(0x0000000028540000,0x0000000028640000)]
  0x0000000020dc9800 JavaThread "jar transforms Thread 194" [_thread_blocked, id=8356, stack(0x0000000028440000,0x0000000028540000)]
  0x0000000020dcc800 JavaThread "jar transforms Thread 193" [_thread_blocked, id=16432, stack(0x0000000028340000,0x0000000028440000)]
  0x0000000020dc6800 JavaThread "jar transforms Thread 192" [_thread_blocked, id=16572, stack(0x0000000028240000,0x0000000028340000)]
  0x0000000020dc6000 JavaThread "jar transforms Thread 191" [_thread_blocked, id=14680, stack(0x0000000028140000,0x0000000028240000)]
  0x0000000020dcc000 JavaThread "jar transforms Thread 190" [_thread_blocked, id=3052, stack(0x0000000028040000,0x0000000028140000)]
  0x0000000020dc5000 JavaThread "jar transforms Thread 189" [_thread_blocked, id=12060, stack(0x0000000027f40000,0x0000000028040000)]
  0x0000000020dc9000 JavaThread "jar transforms Thread 188" [_thread_blocked, id=9600, stack(0x0000000027e40000,0x0000000027f40000)]
  0x0000000020dcb000 JavaThread "jar transforms Thread 187" [_thread_blocked, id=2356, stack(0x0000000027d40000,0x0000000027e40000)]
  0x000000002d0d9000 JavaThread "jar transforms Thread 186" [_thread_blocked, id=13516, stack(0x0000000027c40000,0x0000000027d40000)]
  0x000000002d0d3000 JavaThread "jar transforms Thread 185" [_thread_blocked, id=15892, stack(0x0000000027b40000,0x0000000027c40000)]
  0x000000002d0d7800 JavaThread "jar transforms Thread 184" [_thread_blocked, id=3920, stack(0x0000000027a40000,0x0000000027b40000)]
  0x000000002d0d4800 JavaThread "jar transforms Thread 183" [_thread_blocked, id=16996, stack(0x0000000027940000,0x0000000027a40000)]
  0x000000002d0d1800 JavaThread "jar transforms Thread 182" [_thread_blocked, id=9116, stack(0x0000000027840000,0x0000000027940000)]
  0x000000002d0d3800 JavaThread "jar transforms Thread 181" [_thread_blocked, id=14636, stack(0x0000000027740000,0x0000000027840000)]
  0x000000002d0d6800 JavaThread "jar transforms Thread 180" [_thread_blocked, id=4056, stack(0x0000000027640000,0x0000000027740000)]
  0x000000002d0d6000 JavaThread "jar transforms Thread 179" [_thread_blocked, id=10348, stack(0x0000000027540000,0x0000000027640000)]
  0x000000002d0d8000 JavaThread "jar transforms Thread 178" [_thread_blocked, id=6320, stack(0x0000000027440000,0x0000000027540000)]
  0x000000002d0d5000 JavaThread "jar transforms Thread 177" [_thread_blocked, id=12944, stack(0x0000000027340000,0x0000000027440000)]
  0x000000002d0d2000 JavaThread "jar transforms Thread 176" [_thread_blocked, id=12388, stack(0x0000000027240000,0x0000000027340000)]
  0x000000002d0ca000 JavaThread "jar transforms Thread 175" [_thread_blocked, id=5864, stack(0x0000000027140000,0x0000000027240000)]
  0x000000002d0ce800 JavaThread "jar transforms Thread 174" [_thread_blocked, id=1732, stack(0x0000000027040000,0x0000000027140000)]
  0x000000002d0cd800 JavaThread "jar transforms Thread 173" [_thread_blocked, id=10540, stack(0x0000000026f40000,0x0000000027040000)]
  0x000000002d0cd000 JavaThread "jar transforms Thread 172" [_thread_blocked, id=17240, stack(0x0000000026e40000,0x0000000026f40000)]
  0x000000002d0d0000 JavaThread "jar transforms Thread 171" [_thread_blocked, id=168, stack(0x0000000026d40000,0x0000000026e40000)]
  0x000000002d0ca800 JavaThread "jar transforms Thread 170" [_thread_blocked, id=8428, stack(0x0000000026c40000,0x0000000026d40000)]
  0x000000002d0cb800 JavaThread "jar transforms Thread 169" [_thread_blocked, id=3684, stack(0x0000000026b40000,0x0000000026c40000)]
  0x000000002d0cf000 JavaThread "jar transforms Thread 168" [_thread_blocked, id=13160, stack(0x0000000026a40000,0x0000000026b40000)]
  0x000000002d0d0800 JavaThread "jar transforms Thread 167" [_thread_blocked, id=7136, stack(0x0000000026940000,0x0000000026a40000)]
  0x000000002d0cc000 JavaThread "jar transforms Thread 166" [_thread_blocked, id=6504, stack(0x0000000026840000,0x0000000026940000)]
  0x000000001ba0f000 JavaThread "jar transforms Thread 165" [_thread_blocked, id=904, stack(0x0000000026740000,0x0000000026840000)]
  0x000000001ba07800 JavaThread "jar transforms Thread 164" [_thread_blocked, id=13748, stack(0x0000000026640000,0x0000000026740000)]
  0x000000001ba0b800 JavaThread "jar transforms Thread 163" [_thread_blocked, id=12012, stack(0x0000000026540000,0x0000000026640000)]
  0x000000001ba0a000 JavaThread "jar transforms Thread 162" [_thread_blocked, id=12820, stack(0x0000000026440000,0x0000000026540000)]
  0x000000001ba09000 JavaThread "jar transforms Thread 161" [_thread_blocked, id=16084, stack(0x0000000026340000,0x0000000026440000)]
  0x000000001ba0e800 JavaThread "jar transforms Thread 160" [_thread_blocked, id=17192, stack(0x0000000026240000,0x0000000026340000)]
  0x000000001ba08800 JavaThread "jar transforms Thread 159" [_thread_blocked, id=16540, stack(0x0000000026140000,0x0000000026240000)]
  0x000000001ba07000 JavaThread "jar transforms Thread 158" [_thread_blocked, id=1668, stack(0x0000000026040000,0x0000000026140000)]
  0x000000001ba0d000 JavaThread "jar transforms Thread 157" [_thread_blocked, id=11008, stack(0x0000000025f40000,0x0000000026040000)]
  0x000000001ba0d800 JavaThread "jar transforms Thread 156" [_thread_blocked, id=16648, stack(0x0000000025e40000,0x0000000025f40000)]
  0x000000001ba0c000 JavaThread "jar transforms Thread 155" [_thread_blocked, id=8732, stack(0x0000000025d40000,0x0000000025e40000)]
  0x000000001ba0a800 JavaThread "jar transforms Thread 154" [_thread_blocked, id=17356, stack(0x0000000025c40000,0x0000000025d40000)]
  0x000000001ba01800 JavaThread "jar transforms Thread 153" [_thread_blocked, id=7216, stack(0x0000000025b40000,0x0000000025c40000)]
  0x000000001ba05800 JavaThread "jar transforms Thread 152" [_thread_blocked, id=14344, stack(0x0000000025a40000,0x0000000025b40000)]
  0x000000001ba04800 JavaThread "jar transforms Thread 151" [_thread_blocked, id=2676, stack(0x0000000025940000,0x0000000025a40000)]
  0x000000001ba04000 JavaThread "jar transforms Thread 150" [_thread_blocked, id=17784, stack(0x0000000025840000,0x0000000025940000)]
  0x000000001ba06000 JavaThread "jar transforms Thread 149" [_thread_blocked, id=1224, stack(0x0000000025740000,0x0000000025840000)]
  0x000000001ba03000 JavaThread "jar transforms Thread 148" [_thread_blocked, id=1312, stack(0x0000000025640000,0x0000000025740000)]
  0x000000001ba02000 JavaThread "jar transforms Thread 147" [_thread_blocked, id=1156, stack(0x0000000025540000,0x0000000025640000)]
  0x000000001ba00000 JavaThread "jar transforms Thread 146" [_thread_blocked, id=14840, stack(0x0000000025440000,0x0000000025540000)]
  0x000000001ba00800 JavaThread "jar transforms Thread 145" [_thread_blocked, id=17388, stack(0x0000000025340000,0x0000000025440000)]
  0x000000002c54e000 JavaThread "jar transforms Thread 144" [_thread_blocked, id=10920, stack(0x0000000025240000,0x0000000025340000)]
  0x000000002c551000 JavaThread "jar transforms Thread 143" [_thread_blocked, id=15504, stack(0x0000000025140000,0x0000000025240000)]
  0x000000002c54d000 JavaThread "jar transforms Thread 142" [_thread_blocked, id=6440, stack(0x0000000025040000,0x0000000025140000)]
  0x000000002c54e800 JavaThread "jar transforms Thread 141" [_thread_blocked, id=14236, stack(0x0000000024f40000,0x0000000025040000)]
  0x000000002c54f800 JavaThread "jar transforms Thread 140" [_thread_blocked, id=14848, stack(0x0000000024e40000,0x0000000024f40000)]
  0x000000002c54b800 JavaThread "jar transforms Thread 139" [_thread_blocked, id=9556, stack(0x0000000024d40000,0x0000000024e40000)]
  0x000000002c551800 JavaThread "jar transforms Thread 138" [_thread_blocked, id=10616, stack(0x0000000024c40000,0x0000000024d40000)]
  0x000000002c54c800 JavaThread "jar transforms Thread 137" [_thread_blocked, id=9992, stack(0x0000000024b40000,0x0000000024c40000)]
  0x000000002c550000 JavaThread "jar transforms Thread 136" [_thread_blocked, id=16276, stack(0x0000000024a40000,0x0000000024b40000)]
  0x000000002c544000 JavaThread "jar transforms Thread 135" [_thread_blocked, id=10296, stack(0x0000000024940000,0x0000000024a40000)]
  0x000000002c54b000 JavaThread "jar transforms Thread 134" [_thread_blocked, id=4528, stack(0x0000000024840000,0x0000000024940000)]
  0x000000002c544800 JavaThread "jar transforms Thread 133" [_thread_blocked, id=16920, stack(0x0000000024740000,0x0000000024840000)]
  0x000000002c546000 JavaThread "jar transforms Thread 132" [_thread_blocked, id=6752, stack(0x0000000024640000,0x0000000024740000)]
  0x000000002c545800 JavaThread "jar transforms Thread 131" [_thread_blocked, id=1784, stack(0x0000000024540000,0x0000000024640000)]
  0x000000002c54a000 JavaThread "jar transforms Thread 130" [_thread_blocked, id=3316, stack(0x0000000024440000,0x0000000024540000)]
  0x000000002c542800 JavaThread "jar transforms Thread 129" [_thread_blocked, id=14556, stack(0x0000000024340000,0x0000000024440000)]
  0x000000002c549800 JavaThread "jar transforms Thread 128" [_thread_blocked, id=5832, stack(0x0000000024240000,0x0000000024340000)]
  0x000000002c548000 JavaThread "jar transforms Thread 127" [_thread_blocked, id=6712, stack(0x0000000024140000,0x0000000024240000)]
  0x000000002c543000 JavaThread "jar transforms Thread 126" [_thread_blocked, id=8840, stack(0x0000000024040000,0x0000000024140000)]
  0x000000002c547000 JavaThread "jar transforms Thread 125" [_thread_blocked, id=9768, stack(0x0000000023f40000,0x0000000024040000)]
  0x000000002c548800 JavaThread "jar transforms Thread 124" [_thread_blocked, id=2756, stack(0x0000000023e40000,0x0000000023f40000)]
  0x00000000195f2000 JavaThread "jar transforms Thread 123" [_thread_blocked, id=17836, stack(0x0000000023d40000,0x0000000023e40000)]
  0x00000000195f1000 JavaThread "jar transforms Thread 122" [_thread_blocked, id=1760, stack(0x0000000023c40000,0x0000000023d40000)]
  0x00000000195ef000 JavaThread "jar transforms Thread 121" [_thread_blocked, id=2748, stack(0x0000000023b40000,0x0000000023c40000)]
  0x00000000195ec800 JavaThread "jar transforms Thread 120" [_thread_blocked, id=15848, stack(0x0000000023a40000,0x0000000023b40000)]
  0x00000000195f2800 JavaThread "jar transforms Thread 119" [_thread_blocked, id=7332, stack(0x0000000023940000,0x0000000023a40000)]
  0x000000001d67a800 JavaThread "jar transforms Thread 118" [_thread_blocked, id=11948, stack(0x0000000023840000,0x0000000023940000)]
  0x000000001d679000 JavaThread "jar transforms Thread 117" [_thread_blocked, id=4272, stack(0x0000000023740000,0x0000000023840000)]
  0x000000001d678000 JavaThread "jar transforms Thread 116" [_thread_blocked, id=6360, stack(0x0000000023640000,0x0000000023740000)]
  0x000000001d679800 JavaThread "jar transforms Thread 115" [_thread_blocked, id=4388, stack(0x0000000023540000,0x0000000023640000)]
  0x000000001d677800 JavaThread "Build operations Thread 12" [_thread_blocked, id=6056, stack(0x0000000023440000,0x0000000023540000)]
  0x000000001d670000 JavaThread "Build operations Thread 11" [_thread_blocked, id=12620, stack(0x0000000023340000,0x0000000023440000)]
  0x000000001d676800 JavaThread "Build operations Thread 10" [_thread_blocked, id=14244, stack(0x0000000023240000,0x0000000023340000)]
  0x000000001d66f000 JavaThread "Build operations Thread 9" [_thread_blocked, id=8324, stack(0x0000000023140000,0x0000000023240000)]
  0x000000001d676000 JavaThread "Build operations Thread 8" [_thread_blocked, id=12632, stack(0x0000000023040000,0x0000000023140000)]
  0x000000001d675000 JavaThread "Build operations Thread 7" [_thread_blocked, id=7620, stack(0x0000000022f40000,0x0000000023040000)]
  0x000000001d66d800 JavaThread "Build operations Thread 6" [_thread_blocked, id=15816, stack(0x0000000022d40000,0x0000000022e40000)]
  0x000000001d66b800 JavaThread "Build operations Thread 5" [_thread_blocked, id=13092, stack(0x0000000022c40000,0x0000000022d40000)]
  0x0000000020240000 JavaThread "Build operations Thread 4" [_thread_blocked, id=2368, stack(0x0000000022940000,0x0000000022a40000)]
  0x0000000020242800 JavaThread "Build operations Thread 3" [_thread_blocked, id=17736, stack(0x00000000225d0000,0x00000000226d0000)]
  0x0000000020241800 JavaThread "Build operations Thread 2" [_thread_blocked, id=14836, stack(0x0000000021fd0000,0x00000000220d0000)]
  0x0000000020241000 JavaThread "Build operations" [_thread_blocked, id=11104, stack(0x00000000217d0000,0x00000000218d0000)]
  0x000000002023f800 JavaThread "Cache worker for cache directory md-rule (C:\Users\jmseb\.gradle\caches\6.5\md-rule)" [_thread_blocked, id=16612, stack(0x00000000216d0000,0x00000000217d0000)]
  0x0000000020238000 JavaThread "Cache worker for cache directory md-supplier (C:\Users\jmseb\.gradle\caches\6.5\md-supplier)" [_thread_blocked, id=17612, stack(0x0000000021370000,0x0000000021470000)]
  0x0000000020238800 JavaThread "Cache worker for checksums cache (D:\myapp\mt_manager\MTManger\.gradle\checksums)" [_thread_blocked, id=8372, stack(0x0000000021270000,0x0000000021370000)]
  0x000000002023e000 JavaThread "Cache worker for file hash cache (D:\myapp\mt_manager\MTManger\.gradle\6.5\fileHashes)" [_thread_blocked, id=17952, stack(0x000000001e8d0000,0x000000001e9d0000)]
  0x000000002023c800 JavaThread "Thread-197" [_thread_blocked, id=4068, stack(0x000000001e7d0000,0x000000001e8d0000)]
  0x000000002023e800 JavaThread "Stdin handler" [_thread_blocked, id=10332, stack(0x000000001e6d0000,0x000000001e7d0000)]
  0x000000002023d000 JavaThread "Asynchronous log dispatcher for DefaultDaemonConnection: socket connection from /127.0.0.1:5158 to /127.0.0.1:5414" [_thread_blocked, id=15672, stack(0x000000001e5d0000,0x000000001e6d0000)]
  0x000000002023b800 JavaThread "Daemon worker Thread 2" [_thread_blocked, id=12568, stack(0x000000001e2d0000,0x000000001e3d0000)]
  0x0000000020237000 JavaThread "Cancel handler" [_thread_blocked, id=6896, stack(0x000000001dcf0000,0x000000001ddf0000)]
  0x0000000020234000 JavaThread "Handler for socket connection from /127.0.0.1:5158 to /127.0.0.1:5414" [_thread_in_native, id=15256, stack(0x000000001dbf0000,0x000000001dcf0000)]
  0x000000002023b000 JavaThread "Daemon Thread 2" [_thread_blocked, id=1516, stack(0x0000000000980000,0x0000000000a80000)]
  0x000000001d670800 JavaThread "Memory manager" [_thread_blocked, id=7596, stack(0x000000002e620000,0x000000002e720000)]
  0x0000000020235800 JavaThread "Cache worker for file content cache (C:\Users\jmseb\.gradle\caches\6.5\fileContent)" [_thread_blocked, id=8384, stack(0x00000000220d0000,0x00000000221d0000)]
  0x00000000195ec000 JavaThread "Cache worker for execution history cache (C:\Users\jmseb\.gradle\caches\6.5\executionHistory)" [_thread_blocked, id=17712, stack(0x00000000218d0000,0x00000000219d0000)]
  0x00000000195ee000 JavaThread "Cache worker for file hash cache (C:\Users\jmseb\.gradle\caches\6.5\fileHashes)" [_thread_blocked, id=17480, stack(0x000000001edd0000,0x000000001eed0000)]
  0x00000000195f0800 JavaThread "File lock request listener" [_thread_in_native, id=8436, stack(0x000000001ecd0000,0x000000001edd0000)]
  0x000000001cd78800 JavaThread "Cache worker for journal cache (C:\Users\jmseb\.gradle\caches\journal-1)" [_thread_blocked, id=15336, stack(0x000000001ebd0000,0x000000001ecd0000)]
  0x000000001cc34000 JavaThread "Daemon periodic checks" [_thread_blocked, id=12104, stack(0x000000001dfd0000,0x000000001e0d0000)]
  0x000000001cc29000 JavaThread "Incoming local TCP Connector on port 5158" [_thread_in_native, id=3788, stack(0x000000001ddf0000,0x000000001def0000)]
  0x000000001cae7800 JavaThread "Daemon health stats" [_thread_blocked, id=276, stack(0x000000001daf0000,0x000000001dbf0000)]
  0x000000001966e000 JavaThread "Service Thread" daemon [_thread_blocked, id=10808, stack(0x000000001af50000,0x000000001b050000)]
  0x00000000195ef800 JavaThread "C1 CompilerThread3" daemon [_thread_in_native, id=14684, stack(0x000000001ae50000,0x000000001af50000)]
=>0x00000000195ed800 JavaThread "C2 CompilerThread2" daemon [_thread_in_native, id=15976, stack(0x000000001ad50000,0x000000001ae50000)]
  0x00000000195db800 JavaThread "C2 CompilerThread1" daemon [_thread_in_native, id=6120, stack(0x000000001ac50000,0x000000001ad50000)]
  0x000000001957e000 JavaThread "C2 CompilerThread0" daemon [_thread_in_native, id=6264, stack(0x000000001ab50000,0x000000001ac50000)]
  0x0000000019577800 JavaThread "Attach Listener" daemon [_thread_blocked, id=4316, stack(0x000000001aa50000,0x000000001ab50000)]
  0x00000000195d5000 JavaThread "Signal Dispatcher" daemon [_thread_blocked, id=14624, stack(0x000000001a950000,0x000000001aa50000)]
  0x0000000002c0a800 JavaThread "Finalizer" daemon [_thread_blocked, id=17256, stack(0x000000001a7c0000,0x000000001a8c0000)]
  0x0000000019563000 JavaThread "Reference Handler" daemon [_thread_blocked, id=896, stack(0x000000001a6c0000,0x000000001a7c0000)]
  0x000000000263e800 JavaThread "main" [_thread_blocked, id=2092, stack(0x0000000002a10000,0x0000000002b10000)]

Other Threads:
  0x0000000019542800 VMThread [stack: 0x000000001a5c0000,0x000000001a6c0000] [id=11072]
  0x000000001966f800 WatcherThread [stack: 0x000000001b050000,0x000000001b150000] [id=7584]

VM state:not at safepoint (normal execution)

VM Mutex/Monitor currently owned by a thread: None

heap address: 0x0000000080000000, size: 2048 MB, Compressed Oops mode: 32-bit
Narrow klass base: 0x0000000000000000, Narrow klass shift: 3
Compressed class space size: 1073741824 Address: 0x0000000100000000

Heap:
 PSYoungGen      total 475136K, used 107206K [0x00000000d5580000, 0x00000000fe480000, 0x0000000100000000)
  eden space 361984K, 1% used [0x00000000d5580000,0x00000000d594c4e0,0x00000000eb700000)
  from space 113152K, 91% used [0x00000000eb700000,0x00000000f1be5610,0x00000000f2580000)
  to   space 128512K, 0% used [0x00000000f6700000,0x00000000f6700000,0x00000000fe480000)
 ParOldGen       total 331776K, used 194885K [0x0000000080000000, 0x0000000094400000, 0x00000000d5580000)
  object space 331776K, 58% used [0x0000000080000000,0x000000008be51780,0x0000000094400000)
 Metaspace       used 127522K, capacity 133574K, committed 133720K, reserved 1165312K
  class space    used 16256K, capacity 17499K, committed 17536K, reserved 1048576K

Card table byte_map: [0x0000000011fd0000,0x00000000123e0000] byte_map_base: 0x0000000011bd0000

Marking Bits: (ParMarkBitMap*) 0x000000005237f030
 Begin Bits: [0x0000000013090000, 0x0000000015090000)
 End Bits:   [0x0000000015090000, 0x0000000017090000)

Polling page: 0x0000000000870000

CodeCache: size=245760Kb used=61545Kb max_used=61545Kb free=184214Kb
 bounds [0x0000000002c10000, 0x0000000006880000, 0x0000000011c10000]
 total_blobs=19599 nmethods=18604 adapters=906
 compilation: enabled

Compilation events (10 events):
Event: 369.653 Thread 0x00000000195ef800 nmethod 23161 0x0000000006868590 code [0x00000000068686e0, 0x0000000006868830]
Event: 369.653 Thread 0x00000000195ef800 23156       2       com.sun.tools.javac.comp.Infer$IncorporationStep$11::apply (301 bytes)
Event: 369.656 Thread 0x00000000195ef800 nmethod 23156 0x00000000068688d0 code [0x0000000006868c80, 0x000000000686a098]
Event: 369.656 Thread 0x00000000195ef800 23170       2       com.sun.tools.javac.jvm.Code::curCP (33 bytes)
Event: 369.657 Thread 0x00000000195ef800 nmethod 23170 0x000000000686bc90 code [0x000000000686be00, 0x000000000686bfd8]
Event: 369.657 Thread 0x00000000195ef800 23163       2       com.sun.tools.javac.jvm.Items$LocalItem::load (75 bytes)
Event: 369.657 Thread 0x00000000195ef800 nmethod 23163 0x000000000686c090 code [0x000000000686c200, 0x000000000686c458]
Event: 369.657 Thread 0x00000000195ef800 23164       2       com.sun.tools.javac.jvm.Code::mergeChains (113 bytes)
Event: 369.657 Thread 0x00000000195ef800 nmethod 23164 0x000000000686c610 code [0x000000000686c7a0, 0x000000000686cbc8]
Event: 369.657 Thread 0x00000000195ef800 23169       2       com.sun.tools.javac.code.Symbol$MethodSymbol::isOverridableIn (126 bytes)

GC Heap History (10 events):
Event: 355.075 GC heap before
{Heap before GC invocations=27 (full 4):
 PSYoungGen      total 372736K, used 361025K [0x00000000d5580000, 0x00000000ee880000, 0x0000000100000000)
  eden space 335360K, 100% used [0x00000000d5580000,0x00000000e9d00000,0x00000000e9d00000)
  from space 37376K, 68% used [0x00000000ec280000,0x00000000edb90430,0x00000000ee700000)
  to   space 38400K, 0% used [0x00000000e9d00000,0x00000000e9d00000,0x00000000ec280000)
 ParOldGen       total 331776K, used 75567K [0x0000000080000000, 0x0000000094400000, 0x00000000d5580000)
  object space 331776K, 22% used [0x0000000080000000,0x00000000849cbc30,0x0000000094400000)
 Metaspace       used 101534K, capacity 106446K, committed 106712K, reserved 1142784K
  class space    used 13281K, capacity 14267K, committed 14336K, reserved 1048576K
Event: 355.093 GC heap after
Heap after GC invocations=27 (full 4):
 PSYoungGen      total 373760K, used 26319K [0x00000000d5580000, 0x00000000eff80000, 0x0000000100000000)
  eden space 335360K, 0% used [0x00000000d5580000,0x00000000d5580000,0x00000000e9d00000)
  from space 38400K, 68% used [0x00000000e9d00000,0x00000000eb6b3c88,0x00000000ec280000)
  to   space 39424K, 0% used [0x00000000ed900000,0x00000000ed900000,0x00000000eff80000)
 ParOldGen       total 331776K, used 75575K [0x0000000080000000, 0x0000000094400000, 0x00000000d5580000)
  object space 331776K, 22% used [0x0000000080000000,0x00000000849cdc30,0x0000000094400000)
 Metaspace       used 101534K, capacity 106446K, committed 106712K, reserved 1142784K
  class space    used 13281K, capacity 14267K, committed 14336K, reserved 1048576K
}
Event: 356.257 GC heap before
{Heap before GC invocations=28 (full 4):
 PSYoungGen      total 373760K, used 361679K [0x00000000d5580000, 0x00000000eff80000, 0x0000000100000000)
  eden space 335360K, 100% used [0x00000000d5580000,0x00000000e9d00000,0x00000000e9d00000)
  from space 38400K, 68% used [0x00000000e9d00000,0x00000000eb6b3c88,0x00000000ec280000)
  to   space 39424K, 0% used [0x00000000ed900000,0x00000000ed900000,0x00000000eff80000)
 ParOldGen       total 331776K, used 75575K [0x0000000080000000, 0x0000000094400000, 0x00000000d5580000)
  object space 331776K, 22% used [0x0000000080000000,0x00000000849cdc30,0x0000000094400000)
 Metaspace       used 105549K, capacity 110792K, committed 110936K, reserved 1144832K
  class space    used 13889K, capacity 14938K, committed 14976K, reserved 1048576K
Event: 356.372 GC heap after
Heap after GC invocations=28 (full 4):
 PSYoungGen      total 361984K, used 39395K [0x00000000d5580000, 0x00000000f6f00000, 0x0000000100000000)
  eden space 322560K, 0% used [0x00000000d5580000,0x00000000d5580000,0x00000000e9080000)
  from space 39424K, 99% used [0x00000000ed900000,0x00000000eff78f90,0x00000000eff80000)
  to   space 74240K, 0% used [0x00000000e9080000,0x00000000e9080000,0x00000000ed900000)
 ParOldGen       total 331776K, used 154655K [0x0000000080000000, 0x0000000094400000, 0x00000000d5580000)
  object space 331776K, 46% used [0x0000000080000000,0x0000000089707d10,0x0000000094400000)
 Metaspace       used 105549K, capacity 110792K, committed 110936K, reserved 1144832K
  class space    used 13889K, capacity 14938K, committed 14976K, reserved 1048576K
}
Event: 358.485 GC heap before
{Heap before GC invocations=29 (full 4):
 PSYoungGen      total 361984K, used 361955K [0x00000000d5580000, 0x00000000f6f00000, 0x0000000100000000)
  eden space 322560K, 100% used [0x00000000d5580000,0x00000000e9080000,0x00000000e9080000)
  from space 39424K, 99% used [0x00000000ed900000,0x00000000eff78f90,0x00000000eff80000)
  to   space 74240K, 0% used [0x00000000e9080000,0x00000000e9080000,0x00000000ed900000)
 ParOldGen       total 331776K, used 154655K [0x0000000080000000, 0x0000000094400000, 0x00000000d5580000)
  object space 331776K, 46% used [0x0000000080000000,0x0000000089707d10,0x0000000094400000)
 Metaspace       used 107943K, capacity 113496K, committed 113624K, reserved 1146880K
  class space    used 14196K, capacity 15280K, committed 15360K, reserved 1048576K
Event: 358.572 GC heap after
Heap after GC invocations=29 (full 4):
 PSYoungGen      total 396800K, used 74223K [0x00000000d5580000, 0x00000000f8880000, 0x0000000100000000)
  eden space 322560K, 0% used [0x00000000d5580000,0x00000000d5580000,0x00000000e9080000)
  from space 74240K, 99% used [0x00000000e9080000,0x00000000ed8fbd38,0x00000000ed900000)
  to   space 101376K, 0% used [0x00000000f2580000,0x00000000f2580000,0x00000000f8880000)
 ParOldGen       total 331776K, used 194861K [0x0000000080000000, 0x0000000094400000, 0x00000000d5580000)
  object space 331776K, 58% used [0x0000000080000000,0x000000008be4b780,0x0000000094400000)
 Metaspace       used 107943K, capacity 113496K, committed 113624K, reserved 1146880K
  class space    used 14196K, capacity 15280K, committed 15360K, reserved 1048576K
}
Event: 361.514 GC heap before
{Heap before GC invocations=30 (full 4):
 PSYoungGen      total 396800K, used 396783K [0x00000000d5580000, 0x00000000f8880000, 0x0000000100000000)
  eden space 322560K, 100% used [0x00000000d5580000,0x00000000e9080000,0x00000000e9080000)
  from space 74240K, 99% used [0x00000000e9080000,0x00000000ed8fbd38,0x00000000ed900000)
  to   space 101376K, 0% used [0x00000000f2580000,0x00000000f2580000,0x00000000f8880000)
 ParOldGen       total 331776K, used 194861K [0x0000000080000000, 0x0000000094400000, 0x00000000d5580000)
  object space 331776K, 58% used [0x0000000080000000,0x000000008be4b780,0x0000000094400000)
 Metaspace       used 110352K, capacity 116122K, committed 116312K, reserved 1150976K
  class space    used 14488K, capacity 15651K, committed 15744K, reserved 1048576K
Event: 361.596 GC heap after
Heap after GC invocations=30 (full 4):
 PSYoungGen      total 463360K, used 87628K [0x00000000d5580000, 0x00000000f9f00000, 0x0000000100000000)
  eden space 361984K, 0% used [0x00000000d5580000,0x00000000d5580000,0x00000000eb700000)
  from space 101376K, 86% used [0x00000000f2580000,0x00000000f7b13178,0x00000000f8880000)
  to   space 113152K, 0% used [0x00000000eb700000,0x00000000eb700000,0x00000000f2580000)
 ParOldGen       total 331776K, used 194869K [0x0000000080000000, 0x0000000094400000, 0x00000000d5580000)
  object space 331776K, 58% used [0x0000000080000000,0x000000008be4d780,0x0000000094400000)
 Metaspace       used 110352K, capacity 116122K, committed 116312K, reserved 1150976K
  class space    used 14488K, capacity 15651K, committed 15744K, reserved 1048576K
}
Event: 369.522 GC heap before
{Heap before GC invocations=31 (full 4):
 PSYoungGen      total 463360K, used 449612K [0x00000000d5580000, 0x00000000f9f00000, 0x0000000100000000)
  eden space 361984K, 100% used [0x00000000d5580000,0x00000000eb700000,0x00000000eb700000)
  from space 101376K, 86% used [0x00000000f2580000,0x00000000f7b13178,0x00000000f8880000)
  to   space 113152K, 0% used [0x00000000eb700000,0x00000000eb700000,0x00000000f2580000)
 ParOldGen       total 331776K, used 194869K [0x0000000080000000, 0x0000000094400000, 0x00000000d5580000)
  object space 331776K, 58% used [0x0000000080000000,0x000000008be4d780,0x0000000094400000)
 Metaspace       used 127422K, capacity 133510K, committed 133720K, reserved 1165312K
  class space    used 16256K, capacity 17499K, committed 17536K, reserved 1048576K
Event: 369.591 GC heap after
Heap after GC invocations=31 (full 4):
 PSYoungGen      total 475136K, used 103317K [0x00000000d5580000, 0x00000000fe480000, 0x0000000100000000)
  eden space 361984K, 0% used [0x00000000d5580000,0x00000000d5580000,0x00000000eb700000)
  from space 113152K, 91% used [0x00000000eb700000,0x00000000f1be5610,0x00000000f2580000)
  to   space 128512K, 0% used [0x00000000f6700000,0x00000000f6700000,0x00000000fe480000)
 ParOldGen       total 331776K, used 194885K [0x0000000080000000, 0x0000000094400000, 0x00000000d5580000)
  object space 331776K, 58% used [0x0000000080000000,0x000000008be51780,0x0000000094400000)
 Metaspace       used 127422K, capacity 133510K, committed 133720K, reserved 1165312K
  class space    used 16256K, capacity 17499K, committed 17536K, reserved 1048576K
}

Deoptimization events (10 events):
Event: 369.366 Thread 0x000000002b9b4000 Uncommon trap: reason=class_check action=maybe_recompile pc=0x00000000050b8a0c method=com.sun.tools.javac.comp.Check.checkType(Lcom/sun/tools/javac/util/JCDiagnostic$DiagnosticPosition;Lcom/sun/tools/javac/code/Type;Lcom/sun/tools/javac/code/Type;Lcom/sun
Event: 369.369 Thread 0x000000002b9b4000 Uncommon trap: reason=unstable_if action=reinterpret pc=0x000000000662e928 method=com.sun.tools.javac.tree.TreeInfo.skipParens(Lcom/sun/tools/javac/tree/JCTree;)Lcom/sun/tools/javac/tree/JCTree; @ 7
Event: 369.380 Thread 0x000000002b9b4000 Uncommon trap: reason=class_check action=maybe_recompile pc=0x0000000004bbfd58 method=com.sun.tools.javac.code.Type.containsAny(Lcom/sun/tools/javac/util/List;)Z @ 6
Event: 369.380 Thread 0x000000002b9b4000 Uncommon trap: reason=class_check action=maybe_recompile pc=0x0000000004bbfd58 method=com.sun.tools.javac.code.Type.containsAny(Lcom/sun/tools/javac/util/List;)Z @ 6
Event: 369.381 Thread 0x000000002b9b4000 Uncommon trap: reason=class_check action=maybe_recompile pc=0x0000000004bbfd58 method=com.sun.tools.javac.code.Type.containsAny(Lcom/sun/tools/javac/util/List;)Z @ 6
Event: 369.383 Thread 0x000000002b9b4000 Uncommon trap: reason=class_check action=maybe_recompile pc=0x0000000004bbfd58 method=com.sun.tools.javac.code.Type.containsAny(Lcom/sun/tools/javac/util/List;)Z @ 6
Event: 369.388 Thread 0x000000002b9b4000 Uncommon trap: reason=unstable_if action=reinterpret pc=0x00000000066671ac method=com.sun.tools.javac.code.Types.isSubtype(Lcom/sun/tools/javac/code/Type;Lcom/sun/tools/javac/code/Type;Z)Z @ 110
Event: 369.420 Thread 0x000000002b9b4000 Uncommon trap: reason=unstable_if action=reinterpret pc=0x000000000591f0bc method=com.sun.tools.javac.util.IntHashTable.lookup(Ljava/lang/Object;I)I @ 67
Event: 369.420 Thread 0x000000002b9b4000 Uncommon trap: reason=unstable_if action=reinterpret pc=0x00000000058a6820 method=com.sun.tools.javac.util.IntHashTable.putAtIndex(Ljava/lang/Object;II)I @ 18
Event: 369.515 Thread 0x000000002b9b4000 Uncommon trap: reason=unstable_if action=reinterpret pc=0x0000000005bd1988 method=com.sun.tools.javac.util.IntHashTable.lookup(Ljava/lang/Object;I)I @ 67

Classes redefined (0 events):
No events

Internal exceptions (10 events):
Event: 364.515 Thread 0x000000002b9b4000 Exception <a 'sun/nio/fs/WindowsException'> (0x00000000e5ffcf18) thrown at [C:\src\AOSP-openjdk-git\hotspot\src\share\vm\prims\jni.cpp, line 710]
Event: 364.516 Thread 0x000000002b9b4000 Exception <a 'sun/nio/fs/WindowsException'> (0x00000000e5ffdbf0) thrown at [C:\src\AOSP-openjdk-git\hotspot\src\share\vm\prims\jni.cpp, line 710]
Event: 364.557 Thread 0x000000002ca9f000 Exception <a 'java/lang/InterruptedException'> (0x00000000e63542c0) thrown at [C:\src\AOSP-openjdk-git\hotspot\src\share\vm\runtime\objectMonitor.cpp, line 1680]
Event: 368.886 Thread 0x000000002b9b4000 Exception <a 'sun/nio/fs/WindowsException'> (0x00000000e7106b68) thrown at [C:\src\AOSP-openjdk-git\hotspot\src\share\vm\prims\jni.cpp, line 710]
Event: 368.886 Thread 0x000000002b9b4000 Exception <a 'sun/nio/fs/WindowsException'> (0x00000000e7107838) thrown at [C:\src\AOSP-openjdk-git\hotspot\src\share\vm\prims\jni.cpp, line 710]
Event: 368.887 Thread 0x000000002b9b4000 Exception <a 'sun/nio/fs/WindowsException'> (0x00000000e710dfc8) thrown at [C:\src\AOSP-openjdk-git\hotspot\src\share\vm\prims\jni.cpp, line 710]
Event: 368.887 Thread 0x000000002b9b4000 Exception <a 'sun/nio/fs/WindowsException'> (0x00000000e710ece0) thrown at [C:\src\AOSP-openjdk-git\hotspot\src\share\vm\prims\jni.cpp, line 710]
Event: 368.888 Thread 0x000000002b9b4000 Exception <a 'sun/nio/fs/WindowsException'> (0x00000000e71925e0) thrown at [C:\src\AOSP-openjdk-git\hotspot\src\share\vm\prims\jni.cpp, line 710]
Event: 368.888 Thread 0x000000002b9b4000 Exception <a 'sun/nio/fs/WindowsException'> (0x00000000e7193308) thrown at [C:\src\AOSP-openjdk-git\hotspot\src\share\vm\prims\jni.cpp, line 710]
Event: 369.147 Thread 0x000000002b9b4000 Implicit null exception at 0x00000000063fffe2 to 0x0000000006402ea5

Events (10 events):
Event: 369.597 Executing VM operation: RevokeBias
Event: 369.598 Executing VM operation: RevokeBias done
Event: 369.598 Executing VM operation: RevokeBias
Event: 369.599 Executing VM operation: RevokeBias done
Event: 369.599 Executing VM operation: RevokeBias
Event: 369.599 Executing VM operation: RevokeBias done
Event: 369.600 Executing VM operation: RevokeBias
Event: 369.600 Executing VM operation: RevokeBias done
Event: 369.606 Thread 0x000000002b9b4000 DEOPT PACKING pc=0x00000000067a0d29 sp=0x0000000030fea330
Event: 369.606 Thread 0x000000002b9b4000 DEOPT UNPACKING pc=0x0000000002c571d0 sp=0x0000000030fea030 mode 0


Dynamic libraries:
0x00007ff657ad0000 - 0x00007ff657b01000 	C:\Program Files\Android\Android Studio\jre\bin\java.exe
0x00007ffb06510000 - 0x00007ffb06705000 	C:\WINDOWS\SYSTEM32\ntdll.dll
0x00007ffb06270000 - 0x00007ffb0632d000 	C:\WINDOWS\System32\KERNEL32.DLL
0x00007ffb04240000 - 0x00007ffb04508000 	C:\WINDOWS\System32\KERNELBASE.dll
0x00007ffb06330000 - 0x00007ffb063dc000 	C:\WINDOWS\System32\ADVAPI32.dll
0x00007ffb05ff0000 - 0x00007ffb0608e000 	C:\WINDOWS\System32\msvcrt.dll
0x00007ffb05cd0000 - 0x00007ffb05d6b000 	C:\WINDOWS\System32\sechost.dll
0x00007ffb05600000 - 0x00007ffb0572b000 	C:\WINDOWS\System32\RPCRT4.dll
0x00007ffb05d70000 - 0x00007ffb05f10000 	C:\WINDOWS\System32\USER32.dll
0x00007ffb03da0000 - 0x00007ffb03dc2000 	C:\WINDOWS\System32\win32u.dll
0x00007ffb04f80000 - 0x00007ffb04faa000 	C:\WINDOWS\System32\GDI32.dll
0x00007ffb04130000 - 0x00007ffb0423b000 	C:\WINDOWS\System32\gdi32full.dll
0x00007ffb03c50000 - 0x00007ffb03ced000 	C:\WINDOWS\System32\msvcp_win.dll
0x00007ffb04030000 - 0x00007ffb04130000 	C:\WINDOWS\System32\ucrtbase.dll
0x00007ffaee670000 - 0x00007ffaee90a000 	C:\WINDOWS\WinSxS\amd64_microsoft.windows.common-controls_6595b64144ccf1df_6.0.19041.844_none_ca00b6081b84eb1d\COMCTL32.dll
0x00007ffb06140000 - 0x00007ffb06170000 	C:\WINDOWS\System32\IMM32.DLL
0x00000000519f0000 - 0x0000000051ac2000 	C:\Program Files\Android\Android Studio\jre\jre\bin\msvcr100.dll
0x0000000051bb0000 - 0x00000000523fb000 	C:\Program Files\Android\Android Studio\jre\jre\bin\server\jvm.dll
0x00007ffb046a0000 - 0x00007ffb046a8000 	C:\WINDOWS\System32\PSAPI.DLL
0x00007ffaf92b0000 - 0x00007ffaf92d7000 	C:\WINDOWS\SYSTEM32\WINMM.dll
0x00007ffaff2b0000 - 0x00007ffaff2b9000 	C:\WINDOWS\SYSTEM32\WSOCK32.dll
0x00007ffafcd30000 - 0x00007ffafcd3a000 	C:\WINDOWS\SYSTEM32\VERSION.dll
0x00007ffb06460000 - 0x00007ffb064cb000 	C:\WINDOWS\System32\WS2_32.dll
0x00007ffb008a0000 - 0x00007ffb008af000 	C:\Program Files\Android\Android Studio\jre\jre\bin\verify.dll
0x00007ffaff1b0000 - 0x00007ffaff1d9000 	C:\Program Files\Android\Android Studio\jre\jre\bin\java.dll
0x00007ffaff2c0000 - 0x00007ffaff2d6000 	C:\Program Files\Android\Android Studio\jre\jre\bin\zip.dll
0x00007ffb04710000 - 0x00007ffb04e52000 	C:\WINDOWS\System32\SHELL32.dll
0x00007ffb01db0000 - 0x00007ffb02541000 	C:\WINDOWS\SYSTEM32\windows.storage.dll
0x00007ffb052a0000 - 0x00007ffb055f5000 	C:\WINDOWS\System32\combase.dll
0x00007ffb036c0000 - 0x00007ffb036ec000 	C:\WINDOWS\SYSTEM32\Wldp.dll
0x00007ffb051f0000 - 0x00007ffb0529e000 	C:\WINDOWS\System32\SHCORE.dll
0x00007ffb05730000 - 0x00007ffb05785000 	C:\WINDOWS\System32\shlwapi.dll
0x00007ffb03b90000 - 0x00007ffb03baf000 	C:\WINDOWS\SYSTEM32\profapi.dll
0x00007ffafdb20000 - 0x00007ffafdb3a000 	C:\Program Files\Android\Android Studio\jre\jre\bin\net.dll
0x00007ffb03430000 - 0x00007ffb0349a000 	C:\WINDOWS\system32\mswsock.dll
0x00007ffafc5d0000 - 0x00007ffafc5e3000 	C:\Program Files\Android\Android Studio\jre\jre\bin\nio.dll
0x00007ffad3130000 - 0x00007ffad3157000 	C:\Users\jmseb\.gradle\native\f6784746aeab05261644944871eae4fe03e0ef1612fff0a4a95f87b438bc6780\windows-amd64\native-platform.dll
0x00007ffb00820000 - 0x00007ffb0082d000 	C:\Program Files\Android\Android Studio\jre\jre\bin\management.dll
0x00007ffb03610000 - 0x00007ffb03628000 	C:\WINDOWS\SYSTEM32\CRYPTSP.dll
0x00007ffb02d60000 - 0x00007ffb02d94000 	C:\WINDOWS\system32\rsaenh.dll
0x00007ffb03dd0000 - 0x00007ffb03df7000 	C:\WINDOWS\System32\bcrypt.dll
0x00007ffb03b10000 - 0x00007ffb03b3e000 	C:\WINDOWS\SYSTEM32\USERENV.dll
0x00007ffb03e50000 - 0x00007ffb03ed0000 	C:\WINDOWS\System32\bcryptprimitives.dll
0x00007ffb03600000 - 0x00007ffb0360c000 	C:\WINDOWS\SYSTEM32\CRYPTBASE.dll
0x00007ffb030d0000 - 0x00007ffb0310b000 	C:\WINDOWS\SYSTEM32\IPHLPAPI.DLL
0x00007ffb06260000 - 0x00007ffb06268000 	C:\WINDOWS\System32\NSI.dll
0x00007ffafd7c0000 - 0x00007ffafd7d7000 	C:\WINDOWS\SYSTEM32\dhcpcsvc6.DLL
0x00007ffafd7a0000 - 0x00007ffafd7bd000 	C:\WINDOWS\SYSTEM32\dhcpcsvc.DLL
0x00007ffb03120000 - 0x00007ffb031ec000 	C:\WINDOWS\SYSTEM32\DNSAPI.dll
0x00007ffafd9b0000 - 0x00007ffafd9bb000 	C:\WINDOWS\SYSTEM32\WINNSI.DLL
0x00007ffaf5b60000 - 0x00007ffaf5b84000 	C:\Program Files\Android\Android Studio\jre\jre\bin\sunec.dll
0x00007ffaff6a0000 - 0x00007ffaff6ab000 	C:\Program Files\Android\Android Studio\jre\jre\bin\sunmscapi.dll
0x00007ffb03ed0000 - 0x00007ffb0402f000 	C:\WINDOWS\System32\CRYPT32.dll
0x00007ffafc2f0000 - 0x00007ffafc2fa000 	C:\Windows\System32\rasadhlp.dll
0x00007ffafaa00000 - 0x00007ffafaa7f000 	C:\WINDOWS\System32\fwpuclnt.dll
0x00007ffb02990000 - 0x00007ffb029c3000 	C:\WINDOWS\SYSTEM32\ntmarta.dll
0x0000000066e00000 - 0x0000000066f03000 	C:\Users\jmseb\AppData\Local\Temp\sqlite-3.25.2-c15b6d97-c1a3-4aa6-adeb-73bdc0b31d32-sqlitejdbc.dll

VM Arguments:
jvm_args: -Xmx2048m -Dfile.encoding=UTF-8 -Duser.country=KR -Duser.language=ko -Duser.variant 
java_command: org.gradle.launcher.daemon.bootstrap.GradleDaemon 6.5
java_class_path (initial): C:\Users\jmseb\.gradle\wrapper\dists\gradle-6.5-bin\6nifqtx7604sqp1q6g8wikw7p\gradle-6.5\lib\gradle-launcher-6.5.jar
Launcher Type: SUN_STANDARD

Environment Variables:
JAVA_HOME=C:\Program Files\Java\jdk1.8.0_261
CLASSPATH=%classpath%;,;,;,
PATH=C:\Program Files\Common Files\Oracle\Java\javapath;C:\Program Files\Java\jdk1.8.0_261\bin;C:\Program Files (x86)\Common Files\Oracle\Java\javapath;C:\Program Files (x86)\Common Files\Intel\Shared Libraries\redist\intel64\compiler;C:\Windows\system32;C:\Windows;C:\Windows\System32\Wbem;C:\Windows\System32\WindowsPowerShell\v1.0\;C:\Windows\System32\OpenSSH\;C:\Program Files (x86)\NVIDIA Corporation\PhysX\Common;C:\Program Files\NVIDIA Corporation\NVIDIA NvDLISR;C:\Program Files\Git\cmd;C:\WINDOWS\system32;C:\WINDOWS;C:\WINDOWS\System32\Wbem;C:\WINDOWS\System32\WindowsPowerShell\v1.0\;C:\WINDOWS\System32\OpenSSH\;C:\Users\jmseb\AppData\Local\Programs\Python\Python38-32\Scripts\;C:\Users\jmseb\AppData\Local\Programs\Python\Python38-32\;C:\Users\jmseb\AppData\Local\Microsoft\WindowsApps;C:\Program Files\Bandizip\;C:\Users\jmseb\Microsoft VS Code\bin;C:\Users\jmseb\AppData\Local\GitHubDesktop\bin
USERNAME=
OS=Windows_NT
PROCESSOR_IDENTIFIER=AMD64 Family 23 Model 8 Stepping 2, AuthenticAMD



---------------  S Y S T E M  ---------------

OS: Windows 10.0 , 64 bit Build 19041 (10.0.19041.928)

CPU:total 12 (initial active 12) (12 cores per cpu, 1 threads per core) family 23 model 8 stepping 2, cmov, cx8, fxsr, mmx, sse, sse2, sse3, ssse3, sse4.1, sse4.2, popcnt, avx, avx2, aes, clmul, mmxext, 3dnowpref, lzcnt, sse4a, tsc, tscinvbit, tscinv, bmi1

Memory: 4k page, physical 16724532k(4164276k free), swap 16724532k(6604k free)

vm_info: OpenJDK 64-Bit Server VM (25.242-b01) for windows-amd64 JRE (1.8.0_242-release-1644-b01), built by "builder" with MS VC++ 10.0 (VS2010)

time: Mon Apr 19 21:37:31 2021
timezone:  
elapsed time: 369 seconds (0d 0h 6m 9s)

